[2025-04-11 10:11:18] [INFO] Windows Update-Einstellungen erfolgreich abgerufen
[2025-04-11 10:11:18] [INFO] Selbstdiagnose durchgef?hrt. Erfolg: True
[2025-04-11 10:11:18] [INFO] XAML aus externer Datei geladen
[2025-04-11 10:11:18] [ERROR] Fehler beim Laden der GUI: Exception calling "Load" with "1" argument(s): "Die Child-Eigenschaft wurde bereits f?r "Border" festgelegt."
[2025-04-11 10:11:21] [ERROR] Fehler bei der GUI-Initialisierung: Cannot index into a null array.
[2025-04-11 10:11:23] [ERROR] Kritischer Fehler - GUI-Initialisierung fehlgeschlagen
[2025-04-11 10:14:33] [INFO] Windows Update-Einstellungen erfolgreich abgerufen
[2025-04-11 10:14:33] [INFO] Selbstdiagnose durchgef?hrt. Erfolg: True
[2025-04-11 10:14:33] [INFO] XAML aus externer Datei geladen
[2025-04-11 10:14:33] [WARNING] txtLog-Element nicht gefunden, Log-Anzeige in der GUI nicht verf?gbar
[2025-04-11 10:14:33] [WARNING] Logo nicht gefunden oder imgHeaderLogo-Element nicht verf?gbar
[2025-04-11 10:14:33] [INFO] GUI erfolgreich geladen
[2025-04-11 10:14:33] [ERROR] Fehler bei der GUI-Initialisierung: You cannot call a method on a null-valued expression.
[2025-04-11 10:14:34] [ERROR] Kritischer Fehler - GUI-Initialisierung fehlgeschlagen
[2025-04-11 10:18:12] [INFO] Windows Update-Einstellungen erfolgreich abgerufen
[2025-04-11 10:18:12] [INFO] Selbstdiagnose durchgef?hrt. Erfolg: True
[2025-04-11 10:18:12] [INFO] XAML aus externer Datei geladen
[2025-04-11 10:18:12] [WARNING] txtLog-Element nicht gefunden, Log-Anzeige in der GUI nicht verf?gbar
[2025-04-11 10:18:12] [WARNING] Logo nicht gefunden oder imgHeaderLogo-Element nicht verf?gbar
[2025-04-11 10:18:12] [INFO] GUI erfolgreich geladen
[2025-04-11 10:18:12] [ERROR] Fehler bei der GUI-Initialisierung: You cannot call a method on a null-valued expression.
[2025-04-11 10:18:14] [ERROR] Kritischer Fehler - GUI-Initialisierung fehlgeschlagen
[2025-04-11 10:28:48] [INFO] Windows Update-Einstellungen erfolgreich abgerufen
[2025-04-11 10:28:48] [INFO] Selbstdiagnose durchgef?hrt. Erfolg: True
[2025-04-11 10:28:48] [INFO] XAML aus externer Datei geladen
[2025-04-11 10:28:48] [ERROR] Fehler beim Laden der GUI: Exception calling "Load" with "1" argument(s): "Das benannte Objekt konnte nicht registriert werden. Der doppelte Name "txtLog" kann in diesem Bereich nicht registriert werden."
[2025-04-11 10:28:51] [ERROR] Fehler bei der GUI-Initialisierung: Cannot index into a null array.
[2025-04-11 10:28:52] [ERROR] Kritischer Fehler - GUI-Initialisierung fehlgeschlagen
[2025-04-11 10:34:12] [INFO] Windows Update-Einstellungen erfolgreich abgerufen
[2025-04-11 10:34:12] [INFO] Selbstdiagnose durchgef?hrt. Erfolg: True
[2025-04-11 10:34:12] [INFO] XAML aus externer Datei geladen
[2025-04-11 10:34:12] [WARNING] Keine txtLog-Elemente gefunden, Log-Anzeige in der GUI nicht verf?gbar
[2025-04-11 10:34:12] [WARNING] Logo nicht gefunden oder imgHeaderLogo-Element nicht verf?gbar
[2025-04-11 10:34:12] [INFO] GUI erfolgreich geladen
[2025-04-11 10:34:12] [ERROR] Fehler bei der GUI-Initialisierung: You cannot call a method on a null-valued expression.
[2025-04-11 10:34:13] [ERROR] Kritischer Fehler - GUI-Initialisierung fehlgeschlagen
[2025-04-11 10:44:42] [INFO] Windows Update-Einstellungen erfolgreich abgerufen
[2025-04-11 10:44:42] [INFO] Selbstdiagnose durchgef?hrt. Erfolg: True
[2025-04-11 10:44:42] [INFO] XAML aus externer Datei geladen
[2025-04-11 10:44:43] [WARNING] Keine txtLog-Elemente in der GUI gefunden, verwende in-memory TextBox
[2025-04-11 10:44:43] [WARNING] Logo nicht gefunden oder imgHeaderLogo-Element nicht verf?gbar
[2025-04-11 10:44:43] [INFO] GUI erfolgreich geladen
[2025-04-11 10:44:43] [ERROR] Fehler bei der GUI-Initialisierung: You cannot call a method on a null-valued expression.
[2025-04-11 10:44:44] [ERROR] Kritischer Fehler - GUI-Initialisierung fehlgeschlagen
[2025-04-11 10:49:06] [INFO] Windows Update-Einstellungen erfolgreich abgerufen
[2025-04-11 10:49:06] [INFO] Selbstdiagnose durchgef?hrt. Erfolg: True
[2025-04-11 10:49:06] [INFO] XAML aus externer Datei geladen
[2025-04-11 10:49:06] [WARNING] Keine txtLog-Elemente in der GUI gefunden, verwende in-memory TextBox
[2025-04-11 10:49:06] [WARNING] Logo nicht gefunden oder imgHeaderLogo-Element nicht verf?gbar
[2025-04-11 10:49:06] [INFO] GUI erfolgreich geladen
[2025-04-11 10:49:06] [ERROR] Fehler bei der GUI-Initialisierung: You cannot call a method on a null-valued expression.
[2025-04-11 10:49:08] [ERROR] Kritischer Fehler - GUI-Initialisierung fehlgeschlagen
[2025-04-11 11:15:31] [INFO] Windows Update-Einstellungen erfolgreich abgerufen
[2025-04-11 11:15:31] [INFO] Selbstdiagnose durchgef?hrt. Erfolg: True
[2025-04-11 11:15:31] [INFO] Versuche XAML-Datei zu laden von: D:\2-OneDrive\OneDrive - PhinIT\05-Administratives\10-Scripte\PowerShell\# EASYit\easyWusaWSUS\GUI\MainWindow.xaml
[2025-04-11 11:15:31] [INFO] XAML-Datei gefunden
[2025-04-11 11:15:31] [INFO] XAML wurde als XML geladen
[2025-04-11 11:15:31] [ERROR] Fehler beim Laden des XAML-Fensters: Exception calling "Load" with "1" argument(s): "Die Child-Eigenschaft wurde bereits f?r "Border" festgelegt."
[2025-04-11 11:15:31] [ERROR] Kritischer Fehler beim Laden der GUI: Fehler beim Laden des XAML-Fensters: Exception calling "Load" with "1" argument(s): "Die Child-Eigenschaft wurde bereits f?r "Border" festgelegt."
[2025-04-11 11:15:33] [ERROR] Fehler bei der GUI-Initialisierung: Cannot index into a null array.
[2025-04-11 11:15:34] [ERROR] Kritischer Fehler - GUI-Initialisierung fehlgeschlagen
[2025-04-11 11:20:07] [INFO] Windows Update-Einstellungen erfolgreich abgerufen
[2025-04-11 11:20:07] [INFO] Selbstdiagnose durchgef?hrt. Erfolg: True
[2025-04-11 11:20:07] [INFO] Versuche XAML-Datei zu laden von: D:\2-OneDrive\OneDrive - PhinIT\05-Administratives\10-Scripte\PowerShell\# EASYit\easyWusaWSUS\GUI\MainWindow.xaml
[2025-04-11 11:20:07] [INFO] XAML-Datei gefunden
[2025-04-11 11:20:07] [INFO] XAML wurde als XML geladen
[2025-04-11 11:20:07] [ERROR] Fehler beim Laden des XAML-Fensters: Exception calling "Load" with "1" argument(s): "Der unbekannte Member "System.Windows.Controls.Grid.Padding" kann nicht festgelegt werden."
[2025-04-11 11:20:07] [ERROR] Kritischer Fehler beim Laden der GUI: Fehler beim Laden des XAML-Fensters: Exception calling "Load" with "1" argument(s): "Der unbekannte Member "System.Windows.Controls.Grid.Padding" kann nicht festgelegt werden."
[2025-04-11 11:20:10] [ERROR] Fehler bei der GUI-Initialisierung: Cannot index into a null array.
[2025-04-11 11:20:11] [ERROR] Kritischer Fehler - GUI-Initialisierung fehlgeschlagen
[2025-04-11 11:21:42] [INFO] Windows Update-Einstellungen erfolgreich abgerufen
[2025-04-11 11:21:42] [INFO] Selbstdiagnose durchgef?hrt. Erfolg: True
[2025-04-11 11:21:42] [INFO] Versuche XAML-Datei zu laden von: D:\2-OneDrive\OneDrive - PhinIT\05-Administratives\10-Scripte\PowerShell\# EASYit\easyWusaWSUS\GUI\MainWindow.xaml
[2025-04-11 11:21:42] [INFO] XAML-Datei gefunden
[2025-04-11 11:21:42] [INFO] XAML wurde als XML geladen
[2025-04-11 11:21:42] [INFO] XAML-Fenster wurde geladen
[2025-04-11 11:21:42] [INFO] 0 benannte Elemente in der XAML gefunden
[2025-04-11 11:21:42] [WARNING] Erforderliches Element nicht gefunden: btnDashboard
[2025-04-11 11:21:42] [WARNING] Erforderliches Element nicht gefunden: btnSettings
[2025-04-11 11:21:42] [WARNING] Erforderliches Element nicht gefunden: btnTroubleshooting
[2025-04-11 11:21:42] [WARNING] Erforderliches Element nicht gefunden: Dashboard
[2025-04-11 11:21:42] [WARNING] Erforderliches Element nicht gefunden: Settings
[2025-04-11 11:21:42] [WARNING] Erforderliches Element nicht gefunden: Troubleshooting
[2025-04-11 11:21:42] [WARNING] Erforderliches Element nicht gefunden: txtLog
[2025-04-11 11:21:42] [WARNING] Keine TextBox f?r Logging in der GUI gefunden, verwende in-memory TextBox
[2025-04-11 11:21:42] [INFO] GUI erfolgreich geladen
[2025-04-11 11:21:42] [ERROR] Fehler bei der GUI-Initialisierung: You cannot call a method on a null-valued expression.
[2025-04-11 11:21:44] [ERROR] Kritischer Fehler - GUI-Initialisierung fehlgeschlagen
[2025-04-11 11:46:08] [INFO] Windows Update-Einstellungen erfolgreich abgerufen
[2025-04-11 11:46:08] [INFO] Selbstdiagnose durchgef?hrt. Erfolg: True
[2025-04-11 11:46:08] [INFO] Versuche XAML-Datei zu laden von: D:\2-OneDrive\OneDrive - PhinIT\05-Administratives\10-Scripte\PowerShell\# EASYit\easyWusaWSUS\GUI\MainWindow.xaml
[2025-04-11 11:46:08] [INFO] XAML-Datei gefunden
[2025-04-11 11:46:08] [INFO] XAML wurde als XML geladen
[2025-04-11 11:46:09] [INFO] XAML-Fenster wurde geladen
[2025-04-11 11:46:09] [INFO] 0 benannte Elemente in der XAML gefunden
[2025-04-11 11:46:09] [WARNING] Erforderliches Element nicht gefunden: btnDashboard
[2025-04-11 11:46:09] [WARNING] Erforderliches Element nicht gefunden: btnSettings
[2025-04-11 11:46:09] [WARNING] Erforderliches Element nicht gefunden: btnTroubleshooting
[2025-04-11 11:46:09] [WARNING] Erforderliches Element nicht gefunden: Dashboard
[2025-04-11 11:46:09] [WARNING] Erforderliches Element nicht gefunden: Settings
[2025-04-11 11:46:09] [WARNING] Erforderliches Element nicht gefunden: Troubleshooting
[2025-04-11 11:46:09] [WARNING] Erforderliches Element nicht gefunden: txtLog
[2025-04-11 11:46:09] [WARNING] Keine TextBox f?r Logging in der GUI gefunden, verwende in-memory TextBox
[2025-04-11 11:46:09] [INFO] GUI erfolgreich geladen
[2025-04-11 11:46:09] [WARNING] Button 'btnDashboard' nicht gefunden
[2025-04-11 11:46:09] [WARNING] Button 'btnSettings' nicht gefunden
[2025-04-11 11:46:09] [WARNING] Button 'btnTroubleshooting' nicht gefunden
[2025-04-11 11:46:09] [WARNING] Button 'btnClose' nicht gefunden
[2025-04-11 11:46:09] [WARNING] Textfeld 'txtLog' nicht gefunden
[2025-04-11 11:46:11] [INFO] Update-Historie abgerufen: 50 Eintr?ge von insgesamt 637
[2025-04-11 11:46:11] [INFO] Windows Update-Einstellungen erfolgreich abgerufen
[2025-04-11 11:46:11] [INFO] Tab gewechselt zu: Dashboard
[2025-04-11 11:46:11] [INFO] Windows Update-Einstellungen erfolgreich abgerufen
[2025-04-11 11:46:12] [INFO] Update-Historie abgerufen: 50 Eintr?ge von insgesamt 637
[2025-04-11 11:46:12] [INFO] GUI erfolgreich initialisiert
[2025-04-11 11:46:12] [INFO] easyWSUS Manager wurde gestartet
[2025-04-11 12:31:00] [INFO] Windows Update-Einstellungen erfolgreich abgerufen
[2025-04-11 12:31:00] [INFO] Selbstdiagnose durchgef?hrt. Erfolg: True
[2025-04-11 12:31:00] [INFO] Versuche XAML-Datei zu laden von: D:\2-OneDrive\OneDrive - PhinIT\05-Administratives\10-Scripte\PowerShell\# EASYit\easyWusaWSUS\GUI\MainWindow.xaml
[2025-04-11 12:31:00] [INFO] XAML-Datei gefunden
[2025-04-11 12:31:00] [INFO] XAML wurde als XML geladen
[2025-04-11 12:31:00] [INFO] XAML-Fenster wurde geladen
[2025-04-11 12:31:00] [INFO] 0 benannte Elemente in der XAML gefunden
[2025-04-11 12:31:00] [WARNING] Erforderliches Element nicht gefunden: btnDashboard
[2025-04-11 12:31:00] [WARNING] Erforderliches Element nicht gefunden: btnSettings
[2025-04-11 12:31:00] [WARNING] Erforderliches Element nicht gefunden: btnTroubleshooting
[2025-04-11 12:31:00] [WARNING] Erforderliches Element nicht gefunden: Dashboard
[2025-04-11 12:31:00] [WARNING] Erforderliches Element nicht gefunden: Settings
[2025-04-11 12:31:00] [WARNING] Erforderliches Element nicht gefunden: Troubleshooting
[2025-04-11 12:31:00] [WARNING] Erforderliches Element nicht gefunden: txtLog
[2025-04-11 12:31:00] [WARNING] Keine TextBox f?r Logging in der GUI gefunden, verwende in-memory TextBox
[2025-04-11 12:31:00] [INFO] GUI erfolgreich geladen
[2025-04-11 12:31:00] [WARNING] Button 'btnDashboard' nicht gefunden
[2025-04-11 12:31:00] [WARNING] Button 'btnSettings' nicht gefunden
[2025-04-11 12:31:00] [WARNING] Button 'btnTroubleshooting' nicht gefunden
[2025-04-11 12:31:00] [WARNING] Button 'btnClose' nicht gefunden
[2025-04-11 12:31:03] [INFO] Update-Historie abgerufen: 50 Eintr?ge von insgesamt 637
[2025-04-11 12:31:03] [INFO] Windows Update-Einstellungen erfolgreich abgerufen
[2025-04-11 12:31:03] [INFO] Tab gewechselt zu: Dashboard
[2025-04-11 12:31:03] [INFO] Windows Update-Einstellungen erfolgreich abgerufen
[2025-04-11 12:31:04] [INFO] Update-Historie abgerufen: 50 Eintr?ge von insgesamt 637
[2025-04-11 12:31:04] [INFO] GUI erfolgreich initialisiert
[2025-04-11 12:31:04] [INFO] easyWSUS Manager wurde gestartet
[2025-04-11 12:33:03] [INFO] Windows Update-Einstellungen erfolgreich abgerufen
[2025-04-11 12:33:03] [INFO] Selbstdiagnose durchgef?hrt. Erfolg: True
[2025-04-11 12:33:03] [INFO] Versuche XAML-Datei zu laden von: D:\2-OneDrive\OneDrive - PhinIT\05-Administratives\10-Scripte\PowerShell\# EASYit\easyWusaWSUS\GUI\MainWindow.xaml
[2025-04-11 12:33:03] [INFO] XAML-Datei gefunden
[2025-04-11 12:33:03] [INFO] XAML wurde als XML geladen
[2025-04-11 12:33:03] [INFO] XAML-Fenster wurde geladen
[2025-04-11 12:33:03] [INFO] 0 benannte Elemente in der XAML gefunden
[2025-04-11 12:33:03] [WARNING] Erforderliches Element nicht gefunden: btnDashboard
[2025-04-11 12:33:04] [WARNING] Erforderliches Element nicht gefunden: btnSettings
[2025-04-11 12:33:04] [WARNING] Erforderliches Element nicht gefunden: btnTroubleshooting
[2025-04-11 12:33:04] [WARNING] Erforderliches Element nicht gefunden: Dashboard
[2025-04-11 12:33:04] [WARNING] Erforderliches Element nicht gefunden: Settings
[2025-04-11 12:33:04] [WARNING] Erforderliches Element nicht gefunden: Troubleshooting
[2025-04-11 12:33:04] [WARNING] Erforderliches Element nicht gefunden: txtLog
[2025-04-11 12:33:04] [WARNING] Keine TextBox f?r Logging in der GUI gefunden, verwende in-memory TextBox
[2025-04-11 12:33:04] [INFO] GUI erfolgreich geladen
[2025-04-11 12:33:04] [WARNING] Button 'btnDashboard' nicht gefunden
[2025-04-11 12:33:04] [WARNING] Button 'btnSettings' nicht gefunden
[2025-04-11 12:33:04] [WARNING] Button 'btnTroubleshooting' nicht gefunden
[2025-04-11 12:33:04] [WARNING] Button 'btnClose' nicht gefunden
[2025-04-11 12:33:05] [INFO] Update-Historie abgerufen: 50 Eintr?ge von insgesamt 637
[2025-04-11 12:33:06] [INFO] Windows Update-Einstellungen erfolgreich abgerufen
[2025-04-11 12:33:06] [INFO] Tab gewechselt zu: Dashboard
[2025-04-11 12:33:06] [INFO] Windows Update-Einstellungen erfolgreich abgerufen
[2025-04-11 12:33:06] [INFO] Update-Historie abgerufen: 50 Eintr?ge von insgesamt 637
[2025-04-11 12:33:06] [INFO] GUI erfolgreich initialisiert
[2025-04-11 12:33:06] [INFO] easyWSUS Manager wurde gestartet
[2025-04-11 12:41:01] [INFO] Windows Update-Einstellungen erfolgreich abgerufen
[2025-04-11 12:41:01] [INFO] Selbstdiagnose durchgef?hrt. Erfolg: True
[2025-04-11 12:41:01] [INFO] Versuche XAML-Datei zu laden von: D:\2-OneDrive\OneDrive - PhinIT\05-Administratives\10-Scripte\PowerShell\# EASYit\easyWusaWSUS\GUI\MainWindow.xaml
[2025-04-11 12:41:01] [INFO] XAML-Datei gefunden
[2025-04-11 12:41:01] [INFO] XAML wurde als XML geladen
[2025-04-11 12:41:01] [INFO] XAML-Fenster wurde geladen
[2025-04-11 12:41:01] [INFO] 0 benannte Elemente in der XAML gefunden
[2025-04-11 12:41:01] [WARNING] Erforderliches Element nicht gefunden: btnDashboard
[2025-04-11 12:41:01] [WARNING] Erforderliches Element nicht gefunden: btnSettings
[2025-04-11 12:41:01] [WARNING] Erforderliches Element nicht gefunden: btnTroubleshooting
[2025-04-11 12:41:01] [WARNING] Erforderliches Element nicht gefunden: Dashboard
[2025-04-11 12:41:01] [WARNING] Erforderliches Element nicht gefunden: Settings
[2025-04-11 12:41:01] [WARNING] Erforderliches Element nicht gefunden: Troubleshooting
[2025-04-11 12:41:01] [WARNING] Erforderliches Element nicht gefunden: txtLog
[2025-04-11 12:41:01] [WARNING] Keine TextBox f?r Logging in der GUI gefunden, verwende in-memory TextBox
[2025-04-11 12:41:01] [INFO] GUI erfolgreich geladen
[2025-04-11 12:41:01] [WARNING] Button 'btnDashboard' nicht gefunden
[2025-04-11 12:41:01] [WARNING] Button 'btnSettings' nicht gefunden
[2025-04-11 12:41:01] [WARNING] Button 'btnTroubleshooting' nicht gefunden
[2025-04-11 12:41:01] [WARNING] Button 'btnClose' nicht gefunden
[2025-04-11 12:41:01] [ERROR] Fehler bei der GUI-Initialisierung: The term 'Initialize-AdvancedGUIHandlers' is not recognized as a name of a cmdlet, function, script file, or executable program.??Check the spelling of the name, or if a path was included, verify that the path is correct and try again.
[2025-04-11 12:41:04] [INFO] easyWSUS Manager wurde gestartet
[2025-04-11 12:41:04] [ERROR] Fehler beim Anzeigen des Fensters: Method invocation failed because [System.Windows.MessageBoxResult] does not contain a method named 'ShowDialog'.
[2025-04-11 12:41:04] [ERROR] Inner Exception: Keine
[2025-04-11 12:41:04] [ERROR] Stack Trace:    at System.Management.Automation.ExceptionHandlingOps.CheckActionPreference(FunctionContext funcContext, Exception exception)??   at System.Management.Automation.Interpreter.ActionCallInstruction`2.Run(InterpretedFrame frame)??   at System.Management.Automation.Interpreter.EnterTryCatchFinallyInstruction.Run(InterpretedFrame frame)??   at System.Management.Automation.Interpreter.EnterTryCatchFinallyInstruction.Run(InterpretedFrame frame)
[2025-04-11 12:41:05] [ERROR] Fehler beim Laden der Fehlerbehebungsfunktionen: At D:\2-OneDrive\OneDrive - PhinIT\05-Administratives\10-Scripte\PowerShell\# EASYit\easyWusaWSUS\fehlerbehebung.ps1:244 char:82??+ ? hootingStatus"].Text = "Schritt $currentStep von $totalSteps: $($step ???+                                                    ~~~~~~~~~~~~??Variable reference is not valid. ':' was not followed by a valid variable name character. Consider using ${} to delimit the name.
[2025-04-11 12:51:50] [INFO] Windows Update-Einstellungen erfolgreich abgerufen
[2025-04-11 12:51:50] [INFO] Selbstdiagnose durchgef?hrt. Erfolg: True
[2025-04-11 12:51:50] [INFO] Versuche XAML-Datei zu laden von: D:\2-OneDrive\OneDrive - PhinIT\05-Administratives\10-Scripte\PowerShell\# EASYit\easyWusaWSUS\GUI\MainWindow.xaml
[2025-04-11 12:51:50] [INFO] XAML-Datei gefunden
[2025-04-11 12:51:50] [INFO] XAML wurde als XML geladen
[2025-04-11 12:51:50] [INFO] XAML-Fenster wurde geladen
[2025-04-11 12:51:50] [INFO] 47 benannte Elemente in der XAML gefunden
[2025-04-11 12:51:50] [INFO] Globale Logging-TextBox initialisiert
[2025-04-11 12:51:50] [ERROR] Kritischer Fehler beim Laden der GUI: The property 'TextChanged' cannot be found on this object. Verify that the property exists and can be set.
[2025-04-11 12:51:53] [INFO] History Tab-Button erfolgreich registriert
[2025-04-11 12:51:53] [INFO] WSUS Config Tab-Button erfolgreich registriert
[2025-04-11 12:51:53] [ERROR] Fehler bei der GUI-Initialisierung: The term 'Initialize-AdvancedGUIHandlers' is not recognized as a name of a cmdlet, function, script file, or executable program.??Check the spelling of the name, or if a path was included, verify that the path is correct and try again.
[2025-04-11 12:51:55] [INFO] easyWSUS Manager wurde gestartet
[2025-04-11 12:51:55] [ERROR] Fehler beim Anzeigen des Fensters: Method invocation failed because [System.Windows.MessageBoxResult] does not contain a method named 'ShowDialog'.
[2025-04-11 12:51:55] [ERROR] Inner Exception: Keine
[2025-04-11 12:51:55] [ERROR] Stack Trace:    at System.Management.Automation.ExceptionHandlingOps.CheckActionPreference(FunctionContext funcContext, Exception exception)??   at System.Management.Automation.Interpreter.ActionCallInstruction`2.Run(InterpretedFrame frame)??   at System.Management.Automation.Interpreter.EnterTryCatchFinallyInstruction.Run(InterpretedFrame frame)??   at System.Management.Automation.Interpreter.EnterTryCatchFinallyInstruction.Run(InterpretedFrame frame)
[2025-04-11 12:51:56] [ERROR] Fehler beim Laden der Fehlerbehebungsfunktionen: At D:\2-OneDrive\OneDrive - PhinIT\05-Administratives\10-Scripte\PowerShell\# EASYit\easyWusaWSUS\fehlerbehebung.ps1:244 char:82??+ ? hootingStatus"].Text = "Schritt $currentStep von $totalSteps: $($step ???+                                                    ~~~~~~~~~~~~??Variable reference is not valid. ':' was not followed by a valid variable name character. Consider using ${} to delimit the name.????At D:\2-OneDrive\OneDrive - PhinIT\05-Administratives\10-Scripte\PowerShell\# EASYit\easyWusaWSUS\fehlerbehebung.ps1:573 char:86??+ ? bleshootingStatus"].Text = "Schritt $stepNum von $totalSteps: $stepIn ???+                                                    ~~~~~~~~~~~~??Variable reference is not valid. ':' was not followed by a valid variable name character. Consider using ${} to delimit the name.
[2025-04-11 12:56:52] [INFO] Windows Update-Einstellungen erfolgreich abgerufen
[2025-04-11 12:56:52] [INFO] Selbstdiagnose durchgef?hrt. Erfolg: True
[2025-04-11 12:56:52] [INFO] Versuche XAML-Datei zu laden von: D:\2-OneDrive\OneDrive - PhinIT\05-Administratives\10-Scripte\PowerShell\# EASYit\easyWusaWSUS\GUI\MainWindow.xaml
[2025-04-11 12:56:52] [INFO] XAML-Datei gefunden
[2025-04-11 12:56:52] [INFO] XAML wurde als XML geladen
[2025-04-11 12:56:52] [INFO] XAML-Fenster wurde geladen
[2025-04-11 12:56:52] [INFO] 47 benannte Elemente in der XAML gefunden
[2025-04-11 12:56:52] [INFO] Globale Logging-TextBox initialisiert
[2025-04-11 12:56:52] [INFO] Logo erfolgreich geladen von: D:\2-OneDrive\OneDrive - PhinIT\05-Administratives\10-Scripte\PowerShell\# EASYit\easyWusaWSUS\assets\logo.png
[2025-04-11 12:56:52] [INFO] GUI erfolgreich geladen
[2025-04-11 12:56:52] [INFO] History Tab-Button erfolgreich registriert
[2025-04-11 12:56:52] [INFO] WSUS Config Tab-Button erfolgreich registriert
[2025-04-11 12:56:52] [ERROR] Fehler bei der GUI-Initialisierung: The term 'Initialize-AdvancedGUIHandlers' is not recognized as a name of a cmdlet, function, script file, or executable program.??Check the spelling of the name, or if a path was included, verify that the path is correct and try again.
[2025-04-11 12:56:55] [INFO] easyWSUS Manager wurde gestartet
[2025-04-11 12:56:55] [ERROR] Fehler beim Anzeigen des Fensters: Method invocation failed because [System.Windows.MessageBoxResult] does not contain a method named 'ShowDialog'.
[2025-04-11 12:56:55] [ERROR] Inner Exception: Keine
[2025-04-11 12:56:55] [ERROR] Stack Trace:    at System.Management.Automation.ExceptionHandlingOps.CheckActionPreference(FunctionContext funcContext, Exception exception)??   at System.Management.Automation.Interpreter.ActionCallInstruction`2.Run(InterpretedFrame frame)??   at System.Management.Automation.Interpreter.EnterTryCatchFinallyInstruction.Run(InterpretedFrame frame)??   at System.Management.Automation.Interpreter.EnterTryCatchFinallyInstruction.Run(InterpretedFrame frame)
[2025-04-11 12:56:56] [ERROR] Fehler beim Laden der Fehlerbehebungsfunktionen: At D:\2-OneDrive\OneDrive - PhinIT\05-Administratives\10-Scripte\PowerShell\# EASYit\easyWusaWSUS\fehlerbehebung.ps1:573 char:86??+ ? bleshootingStatus"].Text = "Schritt $stepNum von $totalSteps: $stepIn ???+                                                    ~~~~~~~~~~~~??Variable reference is not valid. ':' was not followed by a valid variable name character. Consider using ${} to delimit the name.
[2025-04-11 13:01:39] [INFO] Windows Update-Einstellungen erfolgreich abgerufen
[2025-04-11 13:01:39] [INFO] Selbstdiagnose durchgef?hrt. Erfolg: True
[2025-04-11 13:01:39] [INFO] Versuche XAML-Datei zu laden von: D:\2-OneDrive\OneDrive - PhinIT\05-Administratives\10-Scripte\PowerShell\# EASYit\easyWusaWSUS\GUI\MainWindow.xaml
[2025-04-11 13:01:39] [INFO] XAML-Datei gefunden
[2025-04-11 13:01:39] [INFO] XAML wurde als XML geladen
[2025-04-11 13:01:39] [INFO] XAML-Fenster wurde geladen
[2025-04-11 13:01:39] [INFO] 47 benannte Elemente in der XAML gefunden
[2025-04-11 13:01:39] [INFO] Globale Logging-TextBox initialisiert
[2025-04-11 13:01:39] [INFO] Logo erfolgreich geladen von: D:\2-OneDrive\OneDrive - PhinIT\05-Administratives\10-Scripte\PowerShell\# EASYit\easyWusaWSUS\assets\logo.png
[2025-04-11 13:01:39] [INFO] GUI erfolgreich geladen
[2025-04-11 13:01:39] [INFO] History Tab-Button erfolgreich registriert
[2025-04-11 13:01:39] [INFO] WSUS Config Tab-Button erfolgreich registriert
[2025-04-11 13:01:39] [ERROR] Fehler bei der GUI-Initialisierung: The term 'Initialize-AdvancedGUIHandlers' is not recognized as a name of a cmdlet, function, script file, or executable program.??Check the spelling of the name, or if a path was included, verify that the path is correct and try again.
[2025-04-11 13:01:41] [INFO] easyWSUS Manager wurde gestartet
[2025-04-11 13:01:41] [ERROR] Fehler beim Anzeigen des Fensters: Method invocation failed because [System.Windows.MessageBoxResult] does not contain a method named 'ShowDialog'.
[2025-04-11 13:01:41] [ERROR] Inner Exception: Keine
[2025-04-11 13:01:41] [ERROR] Stack Trace:    at System.Management.Automation.ExceptionHandlingOps.CheckActionPreference(FunctionContext funcContext, Exception exception)??   at System.Management.Automation.Interpreter.ActionCallInstruction`2.Run(InterpretedFrame frame)??   at System.Management.Automation.Interpreter.EnterTryCatchFinallyInstruction.Run(InterpretedFrame frame)??   at System.Management.Automation.Interpreter.EnterTryCatchFinallyInstruction.Run(InterpretedFrame frame)
[2025-04-11 13:01:42] [INFO] Fehlerbehebungsfunktionen erfolgreich in das Hauptskript integriert
