[2025-04-13 11:53:30] [INFO] Versuche XAML zu laden von: Z:\OD_PowerShell\easyWusaWSUS\GUI\SimpleGUI.xaml
[2025-04-13 11:53:31] [INFO] XAML erfolgreich geladen.
[2025-04-13 11:53:31] [INFO] 179 benannte Elemente gefunden.
[2025-04-13 11:53:31] [WARNING] Element 'Border' konnte nicht gefunden werden.
[2025-04-13 11:53:31] [WARNING] Element 'ContentSite' konnte nicht gefunden werden.
[2025-04-13 11:53:31] [INFO] Element geladen: btnDashboard
[2025-04-13 11:53:31] [INFO] Element geladen: btnUpdateManager
[2025-04-13 11:53:31] [INFO] Element geladen: btnUpdateHistory
[2025-04-13 11:53:31] [INFO] Element geladen: btnServiceMonitor
[2025-04-13 11:53:31] [INFO] Element geladen: btnSystemStats
[2025-04-13 11:53:31] [INFO] Element geladen: btnLogViewer
[2025-04-13 11:53:31] [INFO] Element geladen: btnToolbox
[2025-04-13 11:53:31] [INFO] Element geladen: btnSettings
[2025-04-13 11:53:31] [INFO] Element geladen: btnSystemReport
[2025-04-13 11:53:31] [INFO] Element geladen: btnTroubleshooting
[2025-04-13 11:53:31] [INFO] Element geladen: btnClose
[2025-04-13 11:53:31] [INFO] Element geladen: Dashboard
[2025-04-13 11:53:31] [INFO] Element geladen: txtSystemInfo
[2025-04-13 11:53:31] [INFO] Element geladen: txtWsusStatus
[2025-04-13 11:53:31] [INFO] Element geladen: txtLastCheck
[2025-04-13 11:53:31] [INFO] Element geladen: txtLastInstall
[2025-04-13 11:53:31] [INFO] Element geladen: txtNextScheduled
[2025-04-13 11:53:31] [INFO] Element geladen: btnCheckUpdates
[2025-04-13 11:53:31] [INFO] Element geladen: btnInstallUpdates
[2025-04-13 11:53:31] [INFO] Element geladen: btnRefreshStatus
[2025-04-13 11:53:31] [INFO] Element geladen: btnCleanupCache
[2025-04-13 11:53:31] [INFO] Element geladen: txtUpdateSummary
[2025-04-13 11:53:31] [INFO] Element geladen: txtTips
[2025-04-13 11:53:31] [INFO] Element geladen: UpdateManager
[2025-04-13 11:53:31] [INFO] Element geladen: btnSearchUpdates
[2025-04-13 11:53:31] [INFO] Element geladen: btnInstallSelectedUpdates
[2025-04-13 11:53:31] [INFO] Element geladen: btnInstallAllUpdates
[2025-04-13 11:53:31] [INFO] Element geladen: gridAvailableUpdates
[2025-04-13 11:53:31] [INFO] Element geladen: chkAutoReboot
[2025-04-13 11:53:31] [INFO] Element geladen: chkDownloadOnly
[2025-04-13 11:53:31] [INFO] Element geladen: chkIncludeDrivers
[2025-04-13 11:53:31] [INFO] Element geladen: txtUpdateStatus
[2025-04-13 11:53:31] [INFO] Element geladen: txtLastSearchTime
[2025-04-13 11:53:31] [INFO] Element geladen: UpdateHistory
[2025-04-13 11:53:31] [INFO] Element geladen: cmbHistoryCount
[2025-04-13 11:53:31] [INFO] Element geladen: btnRefreshHistory
[2025-04-13 11:53:31] [INFO] Element geladen: btnExportHistory
[2025-04-13 11:53:31] [INFO] Element geladen: gridUpdateHistory
[2025-04-13 11:53:31] [INFO] Element geladen: Scheduler
[2025-04-13 11:53:31] [INFO] Element geladen: txtTaskName
[2025-04-13 11:53:31] [INFO] Element geladen: cmbWeekday
[2025-04-13 11:53:31] [INFO] Element geladen: txtHour
[2025-04-13 11:53:31] [INFO] Element geladen: txtMinute
[2025-04-13 11:53:31] [INFO] Element geladen: chkScheduleAcceptAll
[2025-04-13 11:53:31] [INFO] Element geladen: chkScheduleAutoReboot
[2025-04-13 11:53:31] [INFO] Element geladen: chkScheduleInstallDrivers
[2025-04-13 11:53:31] [INFO] Element geladen: btnCreateTask
[2025-04-13 11:53:31] [INFO] Element geladen: btnViewTasks
[2025-04-13 11:53:31] [INFO] Element geladen: listScheduledTasks
[2025-04-13 11:53:31] [INFO] Element geladen: ServiceMonitor
[2025-04-13 11:53:31] [INFO] Element geladen: btnRefreshServices
[2025-04-13 11:53:31] [INFO] Element geladen: btnRestartAllServices
[2025-04-13 11:53:31] [INFO] Element geladen: txtStatusWUAU
[2025-04-13 11:53:32] [INFO] Element geladen: txtStartTypeWUAU
[2025-04-13 11:53:32] [INFO] Element geladen: btnStartWUAU
[2025-04-13 11:53:32] [INFO] Element geladen: btnStopWUAU
[2025-04-13 11:53:32] [INFO] Element geladen: btnRestartWUAU
[2025-04-13 11:53:32] [INFO] Element geladen: txtStatusBITS
[2025-04-13 11:53:32] [INFO] Element geladen: txtStartTypeBITS
[2025-04-13 11:53:32] [INFO] Element geladen: btnStartBITS
[2025-04-13 11:53:32] [INFO] Element geladen: btnStopBITS
[2025-04-13 11:53:32] [INFO] Element geladen: btnRestartBITS
[2025-04-13 11:53:32] [INFO] Element geladen: txtStatusCRYPT
[2025-04-13 11:53:32] [INFO] Element geladen: txtStartTypeCRYPT
[2025-04-13 11:53:32] [INFO] Element geladen: btnStartCRYPT
[2025-04-13 11:53:32] [INFO] Element geladen: btnStopCRYPT
[2025-04-13 11:53:32] [INFO] Element geladen: btnRestartCRYPT
[2025-04-13 11:53:32] [INFO] Element geladen: txtStatusTRUST
[2025-04-13 11:53:32] [INFO] Element geladen: txtStartTypeTRUST
[2025-04-13 11:53:32] [INFO] Element geladen: btnStartTRUST
[2025-04-13 11:53:32] [INFO] Element geladen: btnStopTRUST
[2025-04-13 11:53:32] [INFO] Element geladen: btnRestartTRUST
[2025-04-13 11:53:32] [INFO] Element geladen: txtStatusDOSVC
[2025-04-13 11:53:32] [INFO] Element geladen: txtStartTypeDOSVC
[2025-04-13 11:53:32] [INFO] Element geladen: btnStartDOSVC
[2025-04-13 11:53:32] [INFO] Element geladen: btnStopDOSVC
[2025-04-13 11:53:32] [INFO] Element geladen: btnRestartDOSVC
[2025-04-13 11:53:32] [INFO] Element geladen: txtStatusUSO
[2025-04-13 11:53:32] [INFO] Element geladen: txtStartTypeUSO
[2025-04-13 11:53:32] [INFO] Element geladen: btnStartUSO
[2025-04-13 11:53:32] [INFO] Element geladen: btnStopUSO
[2025-04-13 11:53:32] [INFO] Element geladen: btnRestartUSO
[2025-04-13 11:53:32] [INFO] Element geladen: txtStatusMEDIC
[2025-04-13 11:53:32] [INFO] Element geladen: txtStartTypeMEDIC
[2025-04-13 11:53:32] [INFO] Element geladen: btnStartMEDIC
[2025-04-13 11:53:32] [INFO] Element geladen: btnStopMEDIC
[2025-04-13 11:53:32] [INFO] Element geladen: btnRestartMEDIC
[2025-04-13 11:53:32] [INFO] Element geladen: txtServiceInfo
[2025-04-13 11:53:32] [INFO] Element geladen: SystemStats
[2025-04-13 11:53:32] [INFO] Element geladen: btnRefreshResources
[2025-04-13 11:53:32] [INFO] Element geladen: progressCPU
[2025-04-13 11:53:32] [INFO] Element geladen: txtCPUValue
[2025-04-13 11:53:32] [INFO] Element geladen: progressRAM
[2025-04-13 11:53:32] [INFO] Element geladen: txtRAMValue
[2025-04-13 11:53:32] [INFO] Element geladen: progressDisk
[2025-04-13 11:53:32] [INFO] Element geladen: txtDiskValue
[2025-04-13 11:53:32] [INFO] Element geladen: chartUpdateStats
[2025-04-13 11:53:32] [INFO] Element geladen: txtProcessorInfo
[2025-04-13 11:53:32] [INFO] Element geladen: txtMemoryInfo
[2025-04-13 11:53:32] [INFO] Element geladen: txtOSInfo
[2025-04-13 11:53:32] [INFO] Element geladen: txtDiskInfo
[2025-04-13 11:53:32] [INFO] Element geladen: txtUpdateInfo
[2025-04-13 11:53:32] [INFO] Element geladen: txtNetworkInfo
[2025-04-13 11:53:32] [INFO] Element geladen: txtLastRefresh
[2025-04-13 11:53:32] [INFO] Element geladen: cmbRefreshInterval
[2025-04-13 11:53:32] [INFO] Element geladen: chkAutoRefreshResources
[2025-04-13 11:53:32] [INFO] Element geladen: LogViewer
[2025-04-13 11:53:32] [INFO] Element geladen: cmbLogType
[2025-04-13 11:53:32] [INFO] Element geladen: cmbLogLines
[2025-04-13 11:53:32] [INFO] Element geladen: txtLogSearch
[2025-04-13 11:53:32] [INFO] Element geladen: btnSearchLog
[2025-04-13 11:53:32] [INFO] Element geladen: btnLoadLog
[2025-04-13 11:53:32] [INFO] Element geladen: btnExportLog
[2025-04-13 11:53:32] [INFO] Element geladen: txtLogContent
[2025-04-13 11:53:32] [INFO] Element geladen: txtLogStatus
[2025-04-13 11:53:32] [INFO] Element geladen: btnClearLogSearch
[2025-04-13 11:53:32] [INFO] Element geladen: btnOpenLogFolder
[2025-04-13 11:53:32] [INFO] Element geladen: Toolbox
[2025-04-13 11:53:32] [INFO] Element geladen: btnEventViewer
[2025-04-13 11:53:32] [INFO] Element geladen: btnResourceMonitor
[2025-04-13 11:53:32] [INFO] Element geladen: btnReliabilityMonitor
[2025-04-13 11:53:32] [INFO] Element geladen: btnDeviceManager
[2025-04-13 11:53:32] [INFO] Element geladen: btnServices
[2025-04-13 11:53:33] [INFO] Element geladen: btnDiskManagement
[2025-04-13 11:53:33] [INFO] Element geladen: btnRegistryEditor
[2025-04-13 11:53:33] [INFO] Element geladen: btnUpdateTroubleshooter
[2025-04-13 11:53:33] [INFO] Element geladen: btnResetComponents
[2025-04-13 11:53:33] [INFO] Element geladen: btnClearUpdateCache
[2025-04-13 11:53:33] [INFO] Element geladen: btnBackupRegistry
[2025-04-13 11:53:33] [INFO] Element geladen: btnDISMHealth
[2025-04-13 11:53:33] [INFO] Element geladen: btnSFCScan
[2025-04-13 11:53:33] [INFO] Element geladen: txtSearchDocs
[2025-04-13 11:53:33] [INFO] Element geladen: btnSearchDocs
[2025-04-13 11:53:33] [INFO] Element geladen: txtToolOutput
[2025-04-13 11:53:33] [INFO] Element geladen: WUSASettings
[2025-04-13 11:53:33] [INFO] Element geladen: btnRefreshWuSettings
[2025-04-13 11:53:33] [INFO] Element geladen: btnResetWuSettings
[2025-04-13 11:53:33] [INFO] Element geladen: gridWUSettings
[2025-04-13 11:53:33] [INFO] Element geladen: gridWUAUSettings
[2025-04-13 11:53:33] [INFO] Element geladen: gridCurrentWUSettings
[2025-04-13 11:53:33] [INFO] Element geladen: SystemReport
[2025-04-13 11:53:33] [INFO] Element geladen: btnGenerateReport
[2025-04-13 11:53:33] [INFO] Element geladen: btnExportReport
[2025-04-13 11:53:33] [INFO] Element geladen: chkReportSystemInfo
[2025-04-13 11:53:33] [INFO] Element geladen: chkReportUpdateConfig
[2025-04-13 11:53:33] [INFO] Element geladen: chkReportUpdateHistory
[2025-04-13 11:53:33] [INFO] Element geladen: chkReportServices
[2025-04-13 11:53:33] [INFO] Element geladen: chkReportDiskSpace
[2025-04-13 11:53:33] [INFO] Element geladen: chkReportEventLogs
[2025-04-13 11:53:33] [INFO] Element geladen: chkReportNetworkConfig
[2025-04-13 11:53:33] [INFO] Element geladen: radFormatTxt
[2025-04-13 11:53:33] [INFO] Element geladen: radFormatHtml
[2025-04-13 11:53:33] [INFO] Element geladen: radFormatCsv
[2025-04-13 11:53:33] [INFO] Element geladen: txtReportPreview
[2025-04-13 11:53:33] [INFO] Element geladen: txtReportStatus
[2025-04-13 11:53:33] [INFO] Element geladen: Troubleshooting
[2025-04-13 11:53:33] [INFO] Element geladen: txtErrorSearch
[2025-04-13 11:53:33] [INFO] Element geladen: txtErrorSearchPlaceholder
[2025-04-13 11:53:33] [INFO] Element geladen: btnSearchError
[2025-04-13 11:53:33] [INFO] Element geladen: errorCodesDataGrid
[2025-04-13 11:53:33] [INFO] Element geladen: btnExecuteCommand
[2025-04-13 11:53:33] [INFO] Element geladen: btnShowDocs
[2025-04-13 11:53:33] [INFO] Element geladen: btnRunDiagnostics
[2025-04-13 11:53:33] [INFO] Element geladen: Settings
[2025-04-13 11:53:33] [INFO] Element geladen: chkStartupCheck
[2025-04-13 11:53:33] [INFO] Element geladen: chkAutoRefresh
[2025-04-13 11:53:33] [INFO] Element geladen: chkSaveHistory
[2025-04-13 11:53:33] [INFO] Element geladen: chkSaveReports
[2025-04-13 11:53:33] [INFO] Element geladen: chkEnableLogging
[2025-04-13 11:53:33] [INFO] Element geladen: chkDetailedLogs
[2025-04-13 11:53:33] [INFO] Element geladen: txtLogPath
[2025-04-13 11:53:33] [INFO] Element geladen: btnBrowseLogPath
[2025-04-13 11:53:33] [INFO] Element geladen: chkIncludeDriverUpdates
[2025-04-13 11:53:33] [INFO] Element geladen: chkIncludeOptionalUpdates
[2025-04-13 11:53:33] [INFO] Element geladen: chkEnableRemote
[2025-04-13 11:53:34] [INFO] Element geladen: txtComputerList
[2025-04-13 11:53:34] [INFO] Element geladen: btnBrowseComputerList
[2025-04-13 11:53:34] [SUCCESS] Service-Button-Events erfolgreich registriert
[2025-04-13 11:53:34] [INFO] Event-Handler erfolgreich registriert
[2025-04-13 11:53:34] [INFO] Toolbox-Event-Handler erfolgreich registriert
[2025-04-13 11:53:34] [INFO] System Report Event Handler erfolgreich registriert
[2025-04-13 11:53:34] [INFO] Troubleshooting-Event-Handler erfolgreich registriert
[2025-04-13 11:53:34] [INFO] Anzeigen des Fensters...
[2025-04-13 11:53:35] [WARNING] CPU-Counter nicht verfügbar, verwende WMI als Fallback
[2025-04-13 11:53:37] [INFO] Systemauslastung erfolgreich abgerufen: CPU 84.5%, RAM 70%, Disk 25.74%
[2025-04-13 11:53:38] [INFO] Service Monitor Tab ausgewählt
[2025-04-13 11:53:38] [SUCCESS] Dienste-Status erfolgreich aktualisiert: 7 Dienste
[2025-04-13 11:53:40] [INFO] Aktualisiere Dienste-Status...
[2025-04-13 11:53:40] [SUCCESS] Dienste-Status erfolgreich aktualisiert: 7 Dienste
[2025-04-13 11:53:42] [INFO] Starte alle Windows Update-Dienste neu...
[2025-04-13 11:53:49] [SUCCESS] Dienste-Status erfolgreich aktualisiert: 7 Dienste
[2025-04-13 11:53:52] [ERROR] Kritischer Fehler: Exception calling "ShowDialog" with "0" argument(s): "The term 'Write-Log' is not recognized as a name of a cmdlet, function, script file, or executable program.
Check the spelling of the name, or if a path was included, verify that the path is correct and try again."
[2025-04-13 11:53:52] [ERROR] Stack Trace:    at System.Management.Automation.ExceptionHandlingOps.CheckActionPreference(FunctionContext funcContext, Exception exception)
   at System.Management.Automation.Interpreter.ActionCallInstruction`2.Run(InterpretedFrame frame)
   at System.Management.Automation.Interpreter.EnterTryCatchFinallyInstruction.Run(InterpretedFrame frame)
   at System.Management.Automation.Interpreter.EnterTryCatchFinallyInstruction.Run(InterpretedFrame frame)
[2025-04-13 12:00:12] [INFO] Versuche XAML zu laden von: Z:\OD_PowerShell\easyWusaWSUS\GUI\SimpleGUI.xaml
[2025-04-13 12:00:13] [INFO] XAML erfolgreich geladen.
[2025-04-13 12:00:13] [INFO] 179 benannte Elemente gefunden.
[2025-04-13 12:00:13] [WARNING] Element 'Border' konnte nicht gefunden werden.
[2025-04-13 12:00:13] [WARNING] Element 'ContentSite' konnte nicht gefunden werden.
[2025-04-13 12:00:13] [INFO] Element geladen: btnDashboard
[2025-04-13 12:00:13] [INFO] Element geladen: btnUpdateManager
[2025-04-13 12:00:13] [INFO] Element geladen: btnUpdateHistory
[2025-04-13 12:00:13] [INFO] Element geladen: btnServiceMonitor
[2025-04-13 12:00:13] [INFO] Element geladen: btnSystemStats
[2025-04-13 12:00:13] [INFO] Element geladen: btnLogViewer
[2025-04-13 12:00:13] [INFO] Element geladen: btnToolbox
[2025-04-13 12:00:13] [INFO] Element geladen: btnSettings
[2025-04-13 12:00:13] [INFO] Element geladen: btnSystemReport
[2025-04-13 12:00:13] [INFO] Element geladen: btnTroubleshooting
[2025-04-13 12:00:13] [INFO] Element geladen: btnClose
[2025-04-13 12:00:13] [INFO] Element geladen: Dashboard
[2025-04-13 12:00:13] [INFO] Element geladen: txtSystemInfo
[2025-04-13 12:00:13] [INFO] Element geladen: txtWsusStatus
[2025-04-13 12:00:13] [INFO] Element geladen: txtLastCheck
[2025-04-13 12:00:13] [INFO] Element geladen: txtLastInstall
[2025-04-13 12:00:13] [INFO] Element geladen: txtNextScheduled
[2025-04-13 12:00:13] [INFO] Element geladen: btnCheckUpdates
[2025-04-13 12:00:13] [INFO] Element geladen: btnInstallUpdates
[2025-04-13 12:00:13] [INFO] Element geladen: btnRefreshStatus
[2025-04-13 12:00:13] [INFO] Element geladen: btnCleanupCache
[2025-04-13 12:00:13] [INFO] Element geladen: txtUpdateSummary
[2025-04-13 12:00:13] [INFO] Element geladen: txtTips
[2025-04-13 12:00:13] [INFO] Element geladen: UpdateManager
[2025-04-13 12:00:13] [INFO] Element geladen: btnSearchUpdates
[2025-04-13 12:00:13] [INFO] Element geladen: btnInstallSelectedUpdates
[2025-04-13 12:00:13] [INFO] Element geladen: btnInstallAllUpdates
[2025-04-13 12:00:13] [INFO] Element geladen: gridAvailableUpdates
[2025-04-13 12:00:13] [INFO] Element geladen: chkAutoReboot
[2025-04-13 12:00:13] [INFO] Element geladen: chkDownloadOnly
[2025-04-13 12:00:13] [INFO] Element geladen: chkIncludeDrivers
[2025-04-13 12:00:13] [INFO] Element geladen: txtUpdateStatus
[2025-04-13 12:00:13] [INFO] Element geladen: txtLastSearchTime
[2025-04-13 12:00:13] [INFO] Element geladen: UpdateHistory
[2025-04-13 12:00:13] [INFO] Element geladen: cmbHistoryCount
[2025-04-13 12:00:13] [INFO] Element geladen: btnRefreshHistory
[2025-04-13 12:00:13] [INFO] Element geladen: btnExportHistory
[2025-04-13 12:00:13] [INFO] Element geladen: gridUpdateHistory
[2025-04-13 12:00:13] [INFO] Element geladen: Scheduler
[2025-04-13 12:00:13] [INFO] Element geladen: txtTaskName
[2025-04-13 12:00:13] [INFO] Element geladen: cmbWeekday
[2025-04-13 12:00:13] [INFO] Element geladen: txtHour
[2025-04-13 12:00:13] [INFO] Element geladen: txtMinute
[2025-04-13 12:00:13] [INFO] Element geladen: chkScheduleAcceptAll
[2025-04-13 12:00:13] [INFO] Element geladen: chkScheduleAutoReboot
[2025-04-13 12:00:13] [INFO] Element geladen: chkScheduleInstallDrivers
[2025-04-13 12:00:13] [INFO] Element geladen: btnCreateTask
[2025-04-13 12:00:13] [INFO] Element geladen: btnViewTasks
[2025-04-13 12:00:13] [INFO] Element geladen: listScheduledTasks
[2025-04-13 12:00:13] [INFO] Element geladen: ServiceMonitor
[2025-04-13 12:00:13] [INFO] Element geladen: btnRefreshServices
[2025-04-13 12:00:13] [INFO] Element geladen: btnRestartAllServices
[2025-04-13 12:00:13] [INFO] Element geladen: txtStatusWUAU
[2025-04-13 12:00:13] [INFO] Element geladen: txtStartTypeWUAU
[2025-04-13 12:00:13] [INFO] Element geladen: btnStartWUAU
[2025-04-13 12:00:13] [INFO] Element geladen: btnStopWUAU
[2025-04-13 12:00:13] [INFO] Element geladen: btnRestartWUAU
[2025-04-13 12:00:13] [INFO] Element geladen: txtStatusBITS
[2025-04-13 12:00:13] [INFO] Element geladen: txtStartTypeBITS
[2025-04-13 12:00:13] [INFO] Element geladen: btnStartBITS
[2025-04-13 12:00:13] [INFO] Element geladen: btnStopBITS
[2025-04-13 12:00:13] [INFO] Element geladen: btnRestartBITS
[2025-04-13 12:00:13] [INFO] Element geladen: txtStatusCRYPT
[2025-04-13 12:00:13] [INFO] Element geladen: txtStartTypeCRYPT
[2025-04-13 12:00:13] [INFO] Element geladen: btnStartCRYPT
[2025-04-13 12:00:14] [INFO] Element geladen: btnStopCRYPT
[2025-04-13 12:00:14] [INFO] Element geladen: btnRestartCRYPT
[2025-04-13 12:00:14] [INFO] Element geladen: txtStatusTRUST
[2025-04-13 12:00:14] [INFO] Element geladen: txtStartTypeTRUST
[2025-04-13 12:00:14] [INFO] Element geladen: btnStartTRUST
[2025-04-13 12:00:14] [INFO] Element geladen: btnStopTRUST
[2025-04-13 12:00:14] [INFO] Element geladen: btnRestartTRUST
[2025-04-13 12:00:14] [INFO] Element geladen: txtStatusDOSVC
[2025-04-13 12:00:14] [INFO] Element geladen: txtStartTypeDOSVC
[2025-04-13 12:00:14] [INFO] Element geladen: btnStartDOSVC
[2025-04-13 12:00:14] [INFO] Element geladen: btnStopDOSVC
[2025-04-13 12:00:14] [INFO] Element geladen: btnRestartDOSVC
[2025-04-13 12:00:14] [INFO] Element geladen: txtStatusUSO
[2025-04-13 12:00:14] [INFO] Element geladen: txtStartTypeUSO
[2025-04-13 12:00:14] [INFO] Element geladen: btnStartUSO
[2025-04-13 12:00:14] [INFO] Element geladen: btnStopUSO
[2025-04-13 12:00:14] [INFO] Element geladen: btnRestartUSO
[2025-04-13 12:00:14] [INFO] Element geladen: txtStatusMEDIC
[2025-04-13 12:00:14] [INFO] Element geladen: txtStartTypeMEDIC
[2025-04-13 12:00:14] [INFO] Element geladen: btnStartMEDIC
[2025-04-13 12:00:14] [INFO] Element geladen: btnStopMEDIC
[2025-04-13 12:00:14] [INFO] Element geladen: btnRestartMEDIC
[2025-04-13 12:00:14] [INFO] Element geladen: txtServiceInfo
[2025-04-13 12:00:14] [INFO] Element geladen: SystemStats
[2025-04-13 12:00:14] [INFO] Element geladen: btnRefreshResources
[2025-04-13 12:00:14] [INFO] Element geladen: progressCPU
[2025-04-13 12:00:14] [INFO] Element geladen: txtCPUValue
[2025-04-13 12:00:14] [INFO] Element geladen: progressRAM
[2025-04-13 12:00:14] [INFO] Element geladen: txtRAMValue
[2025-04-13 12:00:14] [INFO] Element geladen: progressDisk
[2025-04-13 12:00:14] [INFO] Element geladen: txtDiskValue
[2025-04-13 12:00:14] [INFO] Element geladen: chartUpdateStats
[2025-04-13 12:00:14] [INFO] Element geladen: txtProcessorInfo
[2025-04-13 12:00:14] [INFO] Element geladen: txtMemoryInfo
[2025-04-13 12:00:14] [INFO] Element geladen: txtOSInfo
[2025-04-13 12:00:14] [INFO] Element geladen: txtDiskInfo
[2025-04-13 12:00:14] [INFO] Element geladen: txtUpdateInfo
[2025-04-13 12:00:14] [INFO] Element geladen: txtNetworkInfo
[2025-04-13 12:00:14] [INFO] Element geladen: txtLastRefresh
[2025-04-13 12:00:14] [INFO] Element geladen: cmbRefreshInterval
[2025-04-13 12:00:14] [INFO] Element geladen: chkAutoRefreshResources
[2025-04-13 12:00:14] [INFO] Element geladen: LogViewer
[2025-04-13 12:00:14] [INFO] Element geladen: cmbLogType
[2025-04-13 12:00:14] [INFO] Element geladen: cmbLogLines
[2025-04-13 12:00:14] [INFO] Element geladen: txtLogSearch
[2025-04-13 12:00:14] [INFO] Element geladen: btnSearchLog
[2025-04-13 12:00:14] [INFO] Element geladen: btnLoadLog
[2025-04-13 12:00:14] [INFO] Element geladen: btnExportLog
[2025-04-13 12:00:14] [INFO] Element geladen: txtLogContent
[2025-04-13 12:00:14] [INFO] Element geladen: txtLogStatus
[2025-04-13 12:00:14] [INFO] Element geladen: btnClearLogSearch
[2025-04-13 12:00:14] [INFO] Element geladen: btnOpenLogFolder
[2025-04-13 12:00:14] [INFO] Element geladen: Toolbox
[2025-04-13 12:00:14] [INFO] Element geladen: btnEventViewer
[2025-04-13 12:00:14] [INFO] Element geladen: btnResourceMonitor
[2025-04-13 12:00:14] [INFO] Element geladen: btnReliabilityMonitor
[2025-04-13 12:00:14] [INFO] Element geladen: btnDeviceManager
[2025-04-13 12:00:14] [INFO] Element geladen: btnServices
[2025-04-13 12:00:14] [INFO] Element geladen: btnDiskManagement
[2025-04-13 12:00:14] [INFO] Element geladen: btnRegistryEditor
[2025-04-13 12:00:14] [INFO] Element geladen: btnUpdateTroubleshooter
[2025-04-13 12:00:14] [INFO] Element geladen: btnResetComponents
[2025-04-13 12:00:14] [INFO] Element geladen: btnClearUpdateCache
[2025-04-13 12:00:14] [INFO] Element geladen: btnBackupRegistry
[2025-04-13 12:00:14] [INFO] Element geladen: btnDISMHealth
[2025-04-13 12:00:14] [INFO] Element geladen: btnSFCScan
[2025-04-13 12:00:14] [INFO] Element geladen: txtSearchDocs
[2025-04-13 12:00:14] [INFO] Element geladen: btnSearchDocs
[2025-04-13 12:00:14] [INFO] Element geladen: txtToolOutput
[2025-04-13 12:00:14] [INFO] Element geladen: WUSASettings
[2025-04-13 12:00:14] [INFO] Element geladen: btnRefreshWuSettings
[2025-04-13 12:00:14] [INFO] Element geladen: btnResetWuSettings
[2025-04-13 12:00:14] [INFO] Element geladen: gridWUSettings
[2025-04-13 12:00:14] [INFO] Element geladen: gridWUAUSettings
[2025-04-13 12:00:14] [INFO] Element geladen: gridCurrentWUSettings
[2025-04-13 12:00:15] [INFO] Element geladen: SystemReport
[2025-04-13 12:00:15] [INFO] Element geladen: btnGenerateReport
[2025-04-13 12:00:15] [INFO] Element geladen: btnExportReport
[2025-04-13 12:00:15] [INFO] Element geladen: chkReportSystemInfo
[2025-04-13 12:00:15] [INFO] Element geladen: chkReportUpdateConfig
[2025-04-13 12:00:15] [INFO] Element geladen: chkReportUpdateHistory
[2025-04-13 12:00:15] [INFO] Element geladen: chkReportServices
[2025-04-13 12:00:15] [INFO] Element geladen: chkReportDiskSpace
[2025-04-13 12:00:15] [INFO] Element geladen: chkReportEventLogs
[2025-04-13 12:00:15] [INFO] Element geladen: chkReportNetworkConfig
[2025-04-13 12:00:15] [INFO] Element geladen: radFormatTxt
[2025-04-13 12:00:15] [INFO] Element geladen: radFormatHtml
[2025-04-13 12:00:15] [INFO] Element geladen: radFormatCsv
[2025-04-13 12:00:15] [INFO] Element geladen: txtReportPreview
[2025-04-13 12:00:15] [INFO] Element geladen: txtReportStatus
[2025-04-13 12:00:15] [INFO] Element geladen: Troubleshooting
[2025-04-13 12:00:15] [INFO] Element geladen: txtErrorSearch
[2025-04-13 12:00:15] [INFO] Element geladen: txtErrorSearchPlaceholder
[2025-04-13 12:00:15] [INFO] Element geladen: btnSearchError
[2025-04-13 12:00:15] [INFO] Element geladen: errorCodesDataGrid
[2025-04-13 12:00:15] [INFO] Element geladen: btnExecuteCommand
[2025-04-13 12:00:15] [INFO] Element geladen: btnShowDocs
[2025-04-13 12:00:15] [INFO] Element geladen: btnRunDiagnostics
[2025-04-13 12:00:15] [INFO] Element geladen: Settings
[2025-04-13 12:00:15] [INFO] Element geladen: chkStartupCheck
[2025-04-13 12:00:15] [INFO] Element geladen: chkAutoRefresh
[2025-04-13 12:00:15] [INFO] Element geladen: chkSaveHistory
[2025-04-13 12:00:15] [INFO] Element geladen: chkSaveReports
[2025-04-13 12:00:15] [INFO] Element geladen: chkEnableLogging
[2025-04-13 12:00:15] [INFO] Element geladen: chkDetailedLogs
[2025-04-13 12:00:15] [INFO] Element geladen: txtLogPath
[2025-04-13 12:00:15] [INFO] Element geladen: btnBrowseLogPath
[2025-04-13 12:00:15] [INFO] Element geladen: chkIncludeDriverUpdates
[2025-04-13 12:00:15] [INFO] Element geladen: chkIncludeOptionalUpdates
[2025-04-13 12:00:15] [INFO] Element geladen: chkEnableRemote
[2025-04-13 12:00:15] [INFO] Element geladen: txtComputerList
[2025-04-13 12:00:15] [INFO] Element geladen: btnBrowseComputerList
[2025-04-13 12:00:15] [SUCCESS] Service-Button-Events erfolgreich registriert
[2025-04-13 12:00:15] [INFO] Event-Handler erfolgreich registriert
[2025-04-13 12:00:15] [INFO] Toolbox-Event-Handler erfolgreich registriert
[2025-04-13 12:00:15] [INFO] System Report Event Handler erfolgreich registriert
[2025-04-13 12:00:15] [INFO] Troubleshooting-Event-Handler erfolgreich registriert
[2025-04-13 12:00:16] [INFO] Anzeigen des Fensters...
[2025-04-13 12:00:16] [WARNING] CPU-Counter nicht verfügbar, verwende WMI als Fallback
[2025-04-13 12:00:18] [INFO] Systemauslastung erfolgreich abgerufen: CPU 76%, RAM 69.12%, Disk 25.74%
[2025-04-13 12:00:20] [INFO] Service Monitor Tab ausgewählt
[2025-04-13 12:00:20] [SUCCESS] Dienste-Status erfolgreich aktualisiert: 7 Dienste
[2025-04-13 12:00:21] [ERROR] Kritischer Fehler: Exception calling "ShowDialog" with "0" argument(s): "The term 'Write-Log' is not recognized as a name of a cmdlet, function, script file, or executable program.
Check the spelling of the name, or if a path was included, verify that the path is correct and try again."
[2025-04-13 12:00:21] [ERROR] Stack Trace:    at System.Management.Automation.ExceptionHandlingOps.CheckActionPreference(FunctionContext funcContext, Exception exception)
   at System.Management.Automation.Interpreter.ActionCallInstruction`2.Run(InterpretedFrame frame)
   at System.Management.Automation.Interpreter.EnterTryCatchFinallyInstruction.Run(InterpretedFrame frame)
   at System.Management.Automation.Interpreter.EnterTryCatchFinallyInstruction.Run(InterpretedFrame frame)
[2025-04-13 12:00:46] [INFO] Versuche XAML zu laden von: Z:\OD_PowerShell\easyWusaWSUS\GUI\SimpleGUI.xaml
[2025-04-13 12:00:46] [INFO] XAML erfolgreich geladen.
[2025-04-13 12:00:47] [INFO] 179 benannte Elemente gefunden.
[2025-04-13 12:00:47] [WARNING] Element 'Border' konnte nicht gefunden werden.
[2025-04-13 12:00:47] [WARNING] Element 'ContentSite' konnte nicht gefunden werden.
[2025-04-13 12:00:47] [INFO] Element geladen: btnDashboard
[2025-04-13 12:00:47] [INFO] Element geladen: btnUpdateManager
[2025-04-13 12:00:47] [INFO] Element geladen: btnUpdateHistory
[2025-04-13 12:00:47] [INFO] Element geladen: btnServiceMonitor
[2025-04-13 12:00:47] [INFO] Element geladen: btnSystemStats
[2025-04-13 12:00:47] [INFO] Element geladen: btnLogViewer
[2025-04-13 12:00:47] [INFO] Element geladen: btnToolbox
[2025-04-13 12:00:47] [INFO] Element geladen: btnSettings
[2025-04-13 12:00:47] [INFO] Element geladen: btnSystemReport
[2025-04-13 12:00:47] [INFO] Element geladen: btnTroubleshooting
[2025-04-13 12:00:47] [INFO] Element geladen: btnClose
[2025-04-13 12:00:47] [INFO] Element geladen: Dashboard
[2025-04-13 12:00:47] [INFO] Element geladen: txtSystemInfo
[2025-04-13 12:00:47] [INFO] Element geladen: txtWsusStatus
[2025-04-13 12:00:47] [INFO] Element geladen: txtLastCheck
[2025-04-13 12:00:47] [INFO] Element geladen: txtLastInstall
[2025-04-13 12:00:47] [INFO] Element geladen: txtNextScheduled
[2025-04-13 12:00:47] [INFO] Element geladen: btnCheckUpdates
[2025-04-13 12:00:47] [INFO] Element geladen: btnInstallUpdates
[2025-04-13 12:00:47] [INFO] Element geladen: btnRefreshStatus
[2025-04-13 12:00:47] [INFO] Element geladen: btnCleanupCache
[2025-04-13 12:00:47] [INFO] Element geladen: txtUpdateSummary
[2025-04-13 12:00:47] [INFO] Element geladen: txtTips
[2025-04-13 12:00:47] [INFO] Element geladen: UpdateManager
[2025-04-13 12:00:47] [INFO] Element geladen: btnSearchUpdates
[2025-04-13 12:00:47] [INFO] Element geladen: btnInstallSelectedUpdates
[2025-04-13 12:00:47] [INFO] Element geladen: btnInstallAllUpdates
[2025-04-13 12:00:47] [INFO] Element geladen: gridAvailableUpdates
[2025-04-13 12:00:47] [INFO] Element geladen: chkAutoReboot
[2025-04-13 12:00:47] [INFO] Element geladen: chkDownloadOnly
[2025-04-13 12:00:47] [INFO] Element geladen: chkIncludeDrivers
[2025-04-13 12:00:47] [INFO] Element geladen: txtUpdateStatus
[2025-04-13 12:00:47] [INFO] Element geladen: txtLastSearchTime
[2025-04-13 12:00:47] [INFO] Element geladen: UpdateHistory
[2025-04-13 12:00:47] [INFO] Element geladen: cmbHistoryCount
[2025-04-13 12:00:47] [INFO] Element geladen: btnRefreshHistory
[2025-04-13 12:00:47] [INFO] Element geladen: btnExportHistory
[2025-04-13 12:00:47] [INFO] Element geladen: gridUpdateHistory
[2025-04-13 12:00:47] [INFO] Element geladen: Scheduler
[2025-04-13 12:00:47] [INFO] Element geladen: txtTaskName
[2025-04-13 12:00:47] [INFO] Element geladen: cmbWeekday
[2025-04-13 12:00:47] [INFO] Element geladen: txtHour
[2025-04-13 12:00:47] [INFO] Element geladen: txtMinute
[2025-04-13 12:00:47] [INFO] Element geladen: chkScheduleAcceptAll
[2025-04-13 12:00:47] [INFO] Element geladen: chkScheduleAutoReboot
[2025-04-13 12:00:47] [INFO] Element geladen: chkScheduleInstallDrivers
[2025-04-13 12:00:47] [INFO] Element geladen: btnCreateTask
[2025-04-13 12:00:47] [INFO] Element geladen: btnViewTasks
[2025-04-13 12:00:47] [INFO] Element geladen: listScheduledTasks
[2025-04-13 12:00:47] [INFO] Element geladen: ServiceMonitor
[2025-04-13 12:00:47] [INFO] Element geladen: btnRefreshServices
[2025-04-13 12:00:47] [INFO] Element geladen: btnRestartAllServices
[2025-04-13 12:00:47] [INFO] Element geladen: txtStatusWUAU
[2025-04-13 12:00:47] [INFO] Element geladen: txtStartTypeWUAU
[2025-04-13 12:00:47] [INFO] Element geladen: btnStartWUAU
[2025-04-13 12:00:47] [INFO] Element geladen: btnStopWUAU
[2025-04-13 12:00:47] [INFO] Element geladen: btnRestartWUAU
[2025-04-13 12:00:47] [INFO] Element geladen: txtStatusBITS
[2025-04-13 12:00:47] [INFO] Element geladen: txtStartTypeBITS
[2025-04-13 12:00:47] [INFO] Element geladen: btnStartBITS
[2025-04-13 12:00:47] [INFO] Element geladen: btnStopBITS
[2025-04-13 12:00:47] [INFO] Element geladen: btnRestartBITS
[2025-04-13 12:00:47] [INFO] Element geladen: txtStatusCRYPT
[2025-04-13 12:00:47] [INFO] Element geladen: txtStartTypeCRYPT
[2025-04-13 12:00:47] [INFO] Element geladen: btnStartCRYPT
[2025-04-13 12:00:47] [INFO] Element geladen: btnStopCRYPT
[2025-04-13 12:00:47] [INFO] Element geladen: btnRestartCRYPT
[2025-04-13 12:00:47] [INFO] Element geladen: txtStatusTRUST
[2025-04-13 12:00:47] [INFO] Element geladen: txtStartTypeTRUST
[2025-04-13 12:00:47] [INFO] Element geladen: btnStartTRUST
[2025-04-13 12:00:47] [INFO] Element geladen: btnStopTRUST
[2025-04-13 12:00:47] [INFO] Element geladen: btnRestartTRUST
[2025-04-13 12:00:48] [INFO] Element geladen: txtStatusDOSVC
[2025-04-13 12:00:48] [INFO] Element geladen: txtStartTypeDOSVC
[2025-04-13 12:00:48] [INFO] Element geladen: btnStartDOSVC
[2025-04-13 12:00:48] [INFO] Element geladen: btnStopDOSVC
[2025-04-13 12:00:48] [INFO] Element geladen: btnRestartDOSVC
[2025-04-13 12:00:48] [INFO] Element geladen: txtStatusUSO
[2025-04-13 12:00:48] [INFO] Element geladen: txtStartTypeUSO
[2025-04-13 12:00:48] [INFO] Element geladen: btnStartUSO
[2025-04-13 12:00:48] [INFO] Element geladen: btnStopUSO
[2025-04-13 12:00:48] [INFO] Element geladen: btnRestartUSO
[2025-04-13 12:00:48] [INFO] Element geladen: txtStatusMEDIC
[2025-04-13 12:00:48] [INFO] Element geladen: txtStartTypeMEDIC
[2025-04-13 12:00:48] [INFO] Element geladen: btnStartMEDIC
[2025-04-13 12:00:48] [INFO] Element geladen: btnStopMEDIC
[2025-04-13 12:00:48] [INFO] Element geladen: btnRestartMEDIC
[2025-04-13 12:00:48] [INFO] Element geladen: txtServiceInfo
[2025-04-13 12:00:48] [INFO] Element geladen: SystemStats
[2025-04-13 12:00:48] [INFO] Element geladen: btnRefreshResources
[2025-04-13 12:00:48] [INFO] Element geladen: progressCPU
[2025-04-13 12:00:48] [INFO] Element geladen: txtCPUValue
[2025-04-13 12:00:48] [INFO] Element geladen: progressRAM
[2025-04-13 12:00:48] [INFO] Element geladen: txtRAMValue
[2025-04-13 12:00:48] [INFO] Element geladen: progressDisk
[2025-04-13 12:00:48] [INFO] Element geladen: txtDiskValue
[2025-04-13 12:00:48] [INFO] Element geladen: chartUpdateStats
[2025-04-13 12:00:48] [INFO] Element geladen: txtProcessorInfo
[2025-04-13 12:00:48] [INFO] Element geladen: txtMemoryInfo
[2025-04-13 12:00:48] [INFO] Element geladen: txtOSInfo
[2025-04-13 12:00:48] [INFO] Element geladen: txtDiskInfo
[2025-04-13 12:00:48] [INFO] Element geladen: txtUpdateInfo
[2025-04-13 12:00:48] [INFO] Element geladen: txtNetworkInfo
[2025-04-13 12:00:48] [INFO] Element geladen: txtLastRefresh
[2025-04-13 12:00:48] [INFO] Element geladen: cmbRefreshInterval
[2025-04-13 12:00:48] [INFO] Element geladen: chkAutoRefreshResources
[2025-04-13 12:00:48] [INFO] Element geladen: LogViewer
[2025-04-13 12:00:48] [INFO] Element geladen: cmbLogType
[2025-04-13 12:00:48] [INFO] Element geladen: cmbLogLines
[2025-04-13 12:00:48] [INFO] Element geladen: txtLogSearch
[2025-04-13 12:00:48] [INFO] Element geladen: btnSearchLog
[2025-04-13 12:00:48] [INFO] Element geladen: btnLoadLog
[2025-04-13 12:00:48] [INFO] Element geladen: btnExportLog
[2025-04-13 12:00:48] [INFO] Element geladen: txtLogContent
[2025-04-13 12:00:48] [INFO] Element geladen: txtLogStatus
[2025-04-13 12:00:48] [INFO] Element geladen: btnClearLogSearch
[2025-04-13 12:00:48] [INFO] Element geladen: btnOpenLogFolder
[2025-04-13 12:00:48] [INFO] Element geladen: Toolbox
[2025-04-13 12:00:48] [INFO] Element geladen: btnEventViewer
[2025-04-13 12:00:48] [INFO] Element geladen: btnResourceMonitor
[2025-04-13 12:00:48] [INFO] Element geladen: btnReliabilityMonitor
[2025-04-13 12:00:48] [INFO] Element geladen: btnDeviceManager
[2025-04-13 12:00:48] [INFO] Element geladen: btnServices
[2025-04-13 12:00:48] [INFO] Element geladen: btnDiskManagement
[2025-04-13 12:00:48] [INFO] Element geladen: btnRegistryEditor
[2025-04-13 12:00:48] [INFO] Element geladen: btnUpdateTroubleshooter
[2025-04-13 12:00:48] [INFO] Element geladen: btnResetComponents
[2025-04-13 12:00:48] [INFO] Element geladen: btnClearUpdateCache
[2025-04-13 12:00:48] [INFO] Element geladen: btnBackupRegistry
[2025-04-13 12:00:48] [INFO] Element geladen: btnDISMHealth
[2025-04-13 12:00:48] [INFO] Element geladen: btnSFCScan
[2025-04-13 12:00:48] [INFO] Element geladen: txtSearchDocs
[2025-04-13 12:00:48] [INFO] Element geladen: btnSearchDocs
[2025-04-13 12:00:49] [INFO] Element geladen: txtToolOutput
[2025-04-13 12:00:49] [INFO] Element geladen: WUSASettings
[2025-04-13 12:00:49] [INFO] Element geladen: btnRefreshWuSettings
[2025-04-13 12:00:49] [INFO] Element geladen: btnResetWuSettings
[2025-04-13 12:00:49] [INFO] Element geladen: gridWUSettings
[2025-04-13 12:00:49] [INFO] Element geladen: gridWUAUSettings
[2025-04-13 12:00:49] [INFO] Element geladen: gridCurrentWUSettings
[2025-04-13 12:00:49] [INFO] Element geladen: SystemReport
[2025-04-13 12:00:49] [INFO] Element geladen: btnGenerateReport
[2025-04-13 12:00:49] [INFO] Element geladen: btnExportReport
[2025-04-13 12:00:49] [INFO] Element geladen: chkReportSystemInfo
[2025-04-13 12:00:49] [INFO] Element geladen: chkReportUpdateConfig
[2025-04-13 12:00:49] [INFO] Element geladen: chkReportUpdateHistory
[2025-04-13 12:00:49] [INFO] Element geladen: chkReportServices
[2025-04-13 12:00:49] [INFO] Element geladen: chkReportDiskSpace
[2025-04-13 12:00:49] [INFO] Element geladen: chkReportEventLogs
[2025-04-13 12:00:49] [INFO] Element geladen: chkReportNetworkConfig
[2025-04-13 12:00:49] [INFO] Element geladen: radFormatTxt
[2025-04-13 12:00:49] [INFO] Element geladen: radFormatHtml
[2025-04-13 12:00:49] [INFO] Element geladen: radFormatCsv
[2025-04-13 12:00:49] [INFO] Element geladen: txtReportPreview
[2025-04-13 12:00:49] [INFO] Element geladen: txtReportStatus
[2025-04-13 12:00:49] [INFO] Element geladen: Troubleshooting
[2025-04-13 12:00:49] [INFO] Element geladen: txtErrorSearch
[2025-04-13 12:00:49] [INFO] Element geladen: txtErrorSearchPlaceholder
[2025-04-13 12:00:49] [INFO] Element geladen: btnSearchError
[2025-04-13 12:00:49] [INFO] Element geladen: errorCodesDataGrid
[2025-04-13 12:00:49] [INFO] Element geladen: btnExecuteCommand
[2025-04-13 12:00:49] [INFO] Element geladen: btnShowDocs
[2025-04-13 12:00:49] [INFO] Element geladen: btnRunDiagnostics
[2025-04-13 12:00:49] [INFO] Element geladen: Settings
[2025-04-13 12:00:49] [INFO] Element geladen: chkStartupCheck
[2025-04-13 12:00:49] [INFO] Element geladen: chkAutoRefresh
[2025-04-13 12:00:49] [INFO] Element geladen: chkSaveHistory
[2025-04-13 12:00:49] [INFO] Element geladen: chkSaveReports
[2025-04-13 12:00:49] [INFO] Element geladen: chkEnableLogging
[2025-04-13 12:00:49] [INFO] Element geladen: chkDetailedLogs
[2025-04-13 12:00:49] [INFO] Element geladen: txtLogPath
[2025-04-13 12:00:49] [INFO] Element geladen: btnBrowseLogPath
[2025-04-13 12:00:49] [INFO] Element geladen: chkIncludeDriverUpdates
[2025-04-13 12:00:49] [INFO] Element geladen: chkIncludeOptionalUpdates
[2025-04-13 12:00:49] [INFO] Element geladen: chkEnableRemote
[2025-04-13 12:00:49] [INFO] Element geladen: txtComputerList
[2025-04-13 12:00:49] [INFO] Element geladen: btnBrowseComputerList
[2025-04-13 12:00:49] [SUCCESS] Service-Button-Events erfolgreich registriert
[2025-04-13 12:00:49] [INFO] Event-Handler erfolgreich registriert
[2025-04-13 12:00:49] [INFO] Toolbox-Event-Handler erfolgreich registriert
[2025-04-13 12:00:49] [INFO] System Report Event Handler erfolgreich registriert
[2025-04-13 12:00:49] [INFO] Troubleshooting-Event-Handler erfolgreich registriert
[2025-04-13 12:00:49] [INFO] Anzeigen des Fensters...
[2025-04-13 12:00:50] [WARNING] CPU-Counter nicht verfügbar, verwende WMI als Fallback
[2025-04-13 12:00:52] [INFO] Systemauslastung erfolgreich abgerufen: CPU 81%, RAM 69.75%, Disk 25.74%
[2025-04-13 12:00:53] [INFO] Service Monitor Tab ausgewählt
[2025-04-13 12:00:53] [SUCCESS] Dienste-Status erfolgreich aktualisiert: 7 Dienste
[2025-04-13 12:00:54] [ERROR] Kritischer Fehler: Exception calling "ShowDialog" with "0" argument(s): "The term 'Write-Log' is not recognized as a name of a cmdlet, function, script file, or executable program.
Check the spelling of the name, or if a path was included, verify that the path is correct and try again."
[2025-04-13 12:00:54] [ERROR] Stack Trace:    at System.Management.Automation.ExceptionHandlingOps.CheckActionPreference(FunctionContext funcContext, Exception exception)
   at System.Management.Automation.Interpreter.ActionCallInstruction`2.Run(InterpretedFrame frame)
   at System.Management.Automation.Interpreter.EnterTryCatchFinallyInstruction.Run(InterpretedFrame frame)
   at System.Management.Automation.Interpreter.EnterTryCatchFinallyInstruction.Run(InterpretedFrame frame)
[2025-04-13 12:01:09] [INFO] Versuche XAML zu laden von: Z:\OD_PowerShell\easyWusaWSUS\GUI\SimpleGUI.xaml
[2025-04-13 12:01:09] [INFO] XAML erfolgreich geladen.
[2025-04-13 12:01:09] [INFO] 179 benannte Elemente gefunden.
[2025-04-13 12:01:09] [WARNING] Element 'Border' konnte nicht gefunden werden.
[2025-04-13 12:01:09] [WARNING] Element 'ContentSite' konnte nicht gefunden werden.
[2025-04-13 12:01:09] [INFO] Element geladen: btnDashboard
[2025-04-13 12:01:09] [INFO] Element geladen: btnUpdateManager
[2025-04-13 12:01:09] [INFO] Element geladen: btnUpdateHistory
[2025-04-13 12:01:09] [INFO] Element geladen: btnServiceMonitor
[2025-04-13 12:01:09] [INFO] Element geladen: btnSystemStats
[2025-04-13 12:01:09] [INFO] Element geladen: btnLogViewer
[2025-04-13 12:01:09] [INFO] Element geladen: btnToolbox
[2025-04-13 12:01:09] [INFO] Element geladen: btnSettings
[2025-04-13 12:01:09] [INFO] Element geladen: btnSystemReport
[2025-04-13 12:01:09] [INFO] Element geladen: btnTroubleshooting
[2025-04-13 12:01:09] [INFO] Element geladen: btnClose
[2025-04-13 12:01:09] [INFO] Element geladen: Dashboard
[2025-04-13 12:01:09] [INFO] Element geladen: txtSystemInfo
[2025-04-13 12:01:09] [INFO] Element geladen: txtWsusStatus
[2025-04-13 12:01:09] [INFO] Element geladen: txtLastCheck
[2025-04-13 12:01:09] [INFO] Element geladen: txtLastInstall
[2025-04-13 12:01:09] [INFO] Element geladen: txtNextScheduled
[2025-04-13 12:01:09] [INFO] Element geladen: btnCheckUpdates
[2025-04-13 12:01:09] [INFO] Element geladen: btnInstallUpdates
[2025-04-13 12:01:09] [INFO] Element geladen: btnRefreshStatus
[2025-04-13 12:01:09] [INFO] Element geladen: btnCleanupCache
[2025-04-13 12:01:09] [INFO] Element geladen: txtUpdateSummary
[2025-04-13 12:01:09] [INFO] Element geladen: txtTips
[2025-04-13 12:01:09] [INFO] Element geladen: UpdateManager
[2025-04-13 12:01:09] [INFO] Element geladen: btnSearchUpdates
[2025-04-13 12:01:09] [INFO] Element geladen: btnInstallSelectedUpdates
[2025-04-13 12:01:09] [INFO] Element geladen: btnInstallAllUpdates
[2025-04-13 12:01:09] [INFO] Element geladen: gridAvailableUpdates
[2025-04-13 12:01:09] [INFO] Element geladen: chkAutoReboot
[2025-04-13 12:01:09] [INFO] Element geladen: chkDownloadOnly
[2025-04-13 12:01:09] [INFO] Element geladen: chkIncludeDrivers
[2025-04-13 12:01:09] [INFO] Element geladen: txtUpdateStatus
[2025-04-13 12:01:09] [INFO] Element geladen: txtLastSearchTime
[2025-04-13 12:01:09] [INFO] Element geladen: UpdateHistory
[2025-04-13 12:01:09] [INFO] Element geladen: cmbHistoryCount
[2025-04-13 12:01:09] [INFO] Element geladen: btnRefreshHistory
[2025-04-13 12:01:09] [INFO] Element geladen: btnExportHistory
[2025-04-13 12:01:09] [INFO] Element geladen: gridUpdateHistory
[2025-04-13 12:01:09] [INFO] Element geladen: Scheduler
[2025-04-13 12:01:09] [INFO] Element geladen: txtTaskName
[2025-04-13 12:01:09] [INFO] Element geladen: cmbWeekday
[2025-04-13 12:01:09] [INFO] Element geladen: txtHour
[2025-04-13 12:01:09] [INFO] Element geladen: txtMinute
[2025-04-13 12:01:09] [INFO] Element geladen: chkScheduleAcceptAll
[2025-04-13 12:01:09] [INFO] Element geladen: chkScheduleAutoReboot
[2025-04-13 12:01:10] [INFO] Element geladen: chkScheduleInstallDrivers
[2025-04-13 12:01:10] [INFO] Element geladen: btnCreateTask
[2025-04-13 12:01:10] [INFO] Element geladen: btnViewTasks
[2025-04-13 12:01:10] [INFO] Element geladen: listScheduledTasks
[2025-04-13 12:01:10] [INFO] Element geladen: ServiceMonitor
[2025-04-13 12:01:10] [INFO] Element geladen: btnRefreshServices
[2025-04-13 12:01:10] [INFO] Element geladen: btnRestartAllServices
[2025-04-13 12:01:10] [INFO] Element geladen: txtStatusWUAU
[2025-04-13 12:01:10] [INFO] Element geladen: txtStartTypeWUAU
[2025-04-13 12:01:10] [INFO] Element geladen: btnStartWUAU
[2025-04-13 12:01:10] [INFO] Element geladen: btnStopWUAU
[2025-04-13 12:01:10] [INFO] Element geladen: btnRestartWUAU
[2025-04-13 12:01:10] [INFO] Element geladen: txtStatusBITS
[2025-04-13 12:01:10] [INFO] Element geladen: txtStartTypeBITS
[2025-04-13 12:01:10] [INFO] Element geladen: btnStartBITS
[2025-04-13 12:01:10] [INFO] Element geladen: btnStopBITS
[2025-04-13 12:01:10] [INFO] Element geladen: btnRestartBITS
[2025-04-13 12:01:10] [INFO] Element geladen: txtStatusCRYPT
[2025-04-13 12:01:10] [INFO] Element geladen: txtStartTypeCRYPT
[2025-04-13 12:01:10] [INFO] Element geladen: btnStartCRYPT
[2025-04-13 12:01:10] [INFO] Element geladen: btnStopCRYPT
[2025-04-13 12:01:10] [INFO] Element geladen: btnRestartCRYPT
[2025-04-13 12:01:10] [INFO] Element geladen: txtStatusTRUST
[2025-04-13 12:01:10] [INFO] Element geladen: txtStartTypeTRUST
[2025-04-13 12:01:10] [INFO] Element geladen: btnStartTRUST
[2025-04-13 12:01:10] [INFO] Element geladen: btnStopTRUST
[2025-04-13 12:01:10] [INFO] Element geladen: btnRestartTRUST
[2025-04-13 12:01:10] [INFO] Element geladen: txtStatusDOSVC
[2025-04-13 12:01:10] [INFO] Element geladen: txtStartTypeDOSVC
[2025-04-13 12:01:10] [INFO] Element geladen: btnStartDOSVC
[2025-04-13 12:01:10] [INFO] Element geladen: btnStopDOSVC
[2025-04-13 12:01:10] [INFO] Element geladen: btnRestartDOSVC
[2025-04-13 12:01:10] [INFO] Element geladen: txtStatusUSO
[2025-04-13 12:01:10] [INFO] Element geladen: txtStartTypeUSO
[2025-04-13 12:01:10] [INFO] Element geladen: btnStartUSO
[2025-04-13 12:01:10] [INFO] Element geladen: btnStopUSO
[2025-04-13 12:01:10] [INFO] Element geladen: btnRestartUSO
[2025-04-13 12:01:10] [INFO] Element geladen: txtStatusMEDIC
[2025-04-13 12:01:10] [INFO] Element geladen: txtStartTypeMEDIC
[2025-04-13 12:01:10] [INFO] Element geladen: btnStartMEDIC
[2025-04-13 12:01:10] [INFO] Element geladen: btnStopMEDIC
[2025-04-13 12:01:10] [INFO] Element geladen: btnRestartMEDIC
[2025-04-13 12:01:10] [INFO] Element geladen: txtServiceInfo
[2025-04-13 12:01:10] [INFO] Element geladen: SystemStats
[2025-04-13 12:01:10] [INFO] Element geladen: btnRefreshResources
[2025-04-13 12:01:10] [INFO] Element geladen: progressCPU
[2025-04-13 12:01:10] [INFO] Element geladen: txtCPUValue
[2025-04-13 12:01:10] [INFO] Element geladen: progressRAM
[2025-04-13 12:01:10] [INFO] Element geladen: txtRAMValue
[2025-04-13 12:01:10] [INFO] Element geladen: progressDisk
[2025-04-13 12:01:10] [INFO] Element geladen: txtDiskValue
[2025-04-13 12:01:10] [INFO] Element geladen: chartUpdateStats
[2025-04-13 12:01:10] [INFO] Element geladen: txtProcessorInfo
[2025-04-13 12:01:10] [INFO] Element geladen: txtMemoryInfo
[2025-04-13 12:01:10] [INFO] Element geladen: txtOSInfo
[2025-04-13 12:01:10] [INFO] Element geladen: txtDiskInfo
[2025-04-13 12:01:10] [INFO] Element geladen: txtUpdateInfo
[2025-04-13 12:01:10] [INFO] Element geladen: txtNetworkInfo
[2025-04-13 12:01:10] [INFO] Element geladen: txtLastRefresh
[2025-04-13 12:01:10] [INFO] Element geladen: cmbRefreshInterval
[2025-04-13 12:01:10] [INFO] Element geladen: chkAutoRefreshResources
[2025-04-13 12:01:10] [INFO] Element geladen: LogViewer
[2025-04-13 12:01:11] [INFO] Element geladen: cmbLogType
[2025-04-13 12:01:11] [INFO] Element geladen: cmbLogLines
[2025-04-13 12:01:11] [INFO] Element geladen: txtLogSearch
[2025-04-13 12:01:11] [INFO] Element geladen: btnSearchLog
[2025-04-13 12:01:11] [INFO] Element geladen: btnLoadLog
[2025-04-13 12:01:11] [INFO] Element geladen: btnExportLog
[2025-04-13 12:01:11] [INFO] Element geladen: txtLogContent
[2025-04-13 12:01:11] [INFO] Element geladen: txtLogStatus
[2025-04-13 12:01:11] [INFO] Element geladen: btnClearLogSearch
[2025-04-13 12:01:11] [INFO] Element geladen: btnOpenLogFolder
[2025-04-13 12:01:11] [INFO] Element geladen: Toolbox
[2025-04-13 12:01:11] [INFO] Element geladen: btnEventViewer
[2025-04-13 12:01:11] [INFO] Element geladen: btnResourceMonitor
[2025-04-13 12:01:11] [INFO] Element geladen: btnReliabilityMonitor
[2025-04-13 12:01:11] [INFO] Element geladen: btnDeviceManager
[2025-04-13 12:01:11] [INFO] Element geladen: btnServices
[2025-04-13 12:01:11] [INFO] Element geladen: btnDiskManagement
[2025-04-13 12:01:11] [INFO] Element geladen: btnRegistryEditor
[2025-04-13 12:01:11] [INFO] Element geladen: btnUpdateTroubleshooter
[2025-04-13 12:01:11] [INFO] Element geladen: btnResetComponents
[2025-04-13 12:01:11] [INFO] Element geladen: btnClearUpdateCache
[2025-04-13 12:01:11] [INFO] Element geladen: btnBackupRegistry
[2025-04-13 12:01:11] [INFO] Element geladen: btnDISMHealth
[2025-04-13 12:01:11] [INFO] Element geladen: btnSFCScan
[2025-04-13 12:01:11] [INFO] Element geladen: txtSearchDocs
[2025-04-13 12:01:11] [INFO] Element geladen: btnSearchDocs
[2025-04-13 12:01:11] [INFO] Element geladen: txtToolOutput
[2025-04-13 12:01:11] [INFO] Element geladen: WUSASettings
[2025-04-13 12:01:11] [INFO] Element geladen: btnRefreshWuSettings
[2025-04-13 12:01:11] [INFO] Element geladen: btnResetWuSettings
[2025-04-13 12:01:11] [INFO] Element geladen: gridWUSettings
[2025-04-13 12:01:11] [INFO] Element geladen: gridWUAUSettings
[2025-04-13 12:01:11] [INFO] Element geladen: gridCurrentWUSettings
[2025-04-13 12:01:11] [INFO] Element geladen: SystemReport
[2025-04-13 12:01:11] [INFO] Element geladen: btnGenerateReport
[2025-04-13 12:01:11] [INFO] Element geladen: btnExportReport
[2025-04-13 12:01:11] [INFO] Element geladen: chkReportSystemInfo
[2025-04-13 12:01:11] [INFO] Element geladen: chkReportUpdateConfig
[2025-04-13 12:01:11] [INFO] Element geladen: chkReportUpdateHistory
[2025-04-13 12:01:11] [INFO] Element geladen: chkReportServices
[2025-04-13 12:01:11] [INFO] Element geladen: chkReportDiskSpace
[2025-04-13 12:01:11] [INFO] Element geladen: chkReportEventLogs
[2025-04-13 12:01:11] [INFO] Element geladen: chkReportNetworkConfig
[2025-04-13 12:01:11] [INFO] Element geladen: radFormatTxt
[2025-04-13 12:01:11] [INFO] Element geladen: radFormatHtml
[2025-04-13 12:01:11] [INFO] Element geladen: radFormatCsv
[2025-04-13 12:01:11] [INFO] Element geladen: txtReportPreview
[2025-04-13 12:01:11] [INFO] Element geladen: txtReportStatus
[2025-04-13 12:01:11] [INFO] Element geladen: Troubleshooting
[2025-04-13 12:01:11] [INFO] Element geladen: txtErrorSearch
[2025-04-13 12:01:11] [INFO] Element geladen: txtErrorSearchPlaceholder
[2025-04-13 12:01:11] [INFO] Element geladen: btnSearchError
[2025-04-13 12:01:11] [INFO] Element geladen: errorCodesDataGrid
[2025-04-13 12:01:11] [INFO] Element geladen: btnExecuteCommand
[2025-04-13 12:01:11] [INFO] Element geladen: btnShowDocs
[2025-04-13 12:01:11] [INFO] Element geladen: btnRunDiagnostics
[2025-04-13 12:01:11] [INFO] Element geladen: Settings
[2025-04-13 12:01:11] [INFO] Element geladen: chkStartupCheck
[2025-04-13 12:01:11] [INFO] Element geladen: chkAutoRefresh
[2025-04-13 12:01:11] [INFO] Element geladen: chkSaveHistory
[2025-04-13 12:01:11] [INFO] Element geladen: chkSaveReports
[2025-04-13 12:01:11] [INFO] Element geladen: chkEnableLogging
[2025-04-13 12:01:11] [INFO] Element geladen: chkDetailedLogs
[2025-04-13 12:01:11] [INFO] Element geladen: txtLogPath
[2025-04-13 12:01:11] [INFO] Element geladen: btnBrowseLogPath
[2025-04-13 12:01:11] [INFO] Element geladen: chkIncludeDriverUpdates
[2025-04-13 12:01:11] [INFO] Element geladen: chkIncludeOptionalUpdates
[2025-04-13 12:01:11] [INFO] Element geladen: chkEnableRemote
[2025-04-13 12:01:11] [INFO] Element geladen: txtComputerList
[2025-04-13 12:01:12] [INFO] Element geladen: btnBrowseComputerList
[2025-04-13 12:01:12] [SUCCESS] Service-Button-Events erfolgreich registriert
[2025-04-13 12:01:12] [INFO] Event-Handler erfolgreich registriert
[2025-04-13 12:01:12] [INFO] Toolbox-Event-Handler erfolgreich registriert
[2025-04-13 12:01:12] [INFO] System Report Event Handler erfolgreich registriert
[2025-04-13 12:01:12] [INFO] Troubleshooting-Event-Handler erfolgreich registriert
[2025-04-13 12:01:12] [INFO] Anzeigen des Fensters...
[2025-04-13 12:01:12] [WARNING] CPU-Counter nicht verfügbar, verwende WMI als Fallback
[2025-04-13 12:01:15] [INFO] Systemauslastung erfolgreich abgerufen: CPU 78%, RAM 72.88%, Disk 25.74%
[2025-04-13 12:01:16] [INFO] Service Monitor Tab ausgewählt
[2025-04-13 12:01:16] [SUCCESS] Dienste-Status erfolgreich aktualisiert: 7 Dienste
[2025-04-13 12:01:17] [ERROR] Kritischer Fehler: Exception calling "ShowDialog" with "0" argument(s): "The term 'Write-Log' is not recognized as a name of a cmdlet, function, script file, or executable program.
Check the spelling of the name, or if a path was included, verify that the path is correct and try again."
[2025-04-13 12:01:17] [ERROR] Stack Trace:    at System.Management.Automation.ExceptionHandlingOps.CheckActionPreference(FunctionContext funcContext, Exception exception)
   at System.Management.Automation.Interpreter.ActionCallInstruction`2.Run(InterpretedFrame frame)
   at System.Management.Automation.Interpreter.EnterTryCatchFinallyInstruction.Run(InterpretedFrame frame)
   at System.Management.Automation.Interpreter.EnterTryCatchFinallyInstruction.Run(InterpretedFrame frame)
[2025-04-13 12:05:18] [INFO] Versuche XAML zu laden von: Z:\OD_PowerShell\easyWusaWSUS\GUI\SimpleGUI.xaml
[2025-04-13 12:05:18] [INFO] XAML erfolgreich geladen.
[2025-04-13 12:05:18] [INFO] 179 benannte Elemente gefunden.
[2025-04-13 12:05:18] [WARNING] Element 'Border' konnte nicht gefunden werden.
[2025-04-13 12:05:18] [WARNING] Element 'ContentSite' konnte nicht gefunden werden.
[2025-04-13 12:05:18] [INFO] Element geladen: btnDashboard
[2025-04-13 12:05:18] [INFO] Element geladen: btnUpdateManager
[2025-04-13 12:05:18] [INFO] Element geladen: btnUpdateHistory
[2025-04-13 12:05:18] [INFO] Element geladen: btnServiceMonitor
[2025-04-13 12:05:18] [INFO] Element geladen: btnSystemStats
[2025-04-13 12:05:18] [INFO] Element geladen: btnLogViewer
[2025-04-13 12:05:18] [INFO] Element geladen: btnToolbox
[2025-04-13 12:05:18] [INFO] Element geladen: btnSettings
[2025-04-13 12:05:18] [INFO] Element geladen: btnSystemReport
[2025-04-13 12:05:18] [INFO] Element geladen: btnTroubleshooting
[2025-04-13 12:05:18] [INFO] Element geladen: btnClose
[2025-04-13 12:05:18] [INFO] Element geladen: Dashboard
[2025-04-13 12:05:18] [INFO] Element geladen: txtSystemInfo
[2025-04-13 12:05:18] [INFO] Element geladen: txtWsusStatus
[2025-04-13 12:05:18] [INFO] Element geladen: txtLastCheck
[2025-04-13 12:05:18] [INFO] Element geladen: txtLastInstall
[2025-04-13 12:05:18] [INFO] Element geladen: txtNextScheduled
[2025-04-13 12:05:18] [INFO] Element geladen: btnCheckUpdates
[2025-04-13 12:05:18] [INFO] Element geladen: btnInstallUpdates
[2025-04-13 12:05:18] [INFO] Element geladen: btnRefreshStatus
[2025-04-13 12:05:18] [INFO] Element geladen: btnCleanupCache
[2025-04-13 12:05:19] [INFO] Element geladen: txtUpdateSummary
[2025-04-13 12:05:19] [INFO] Element geladen: txtTips
[2025-04-13 12:05:19] [INFO] Element geladen: UpdateManager
[2025-04-13 12:05:19] [INFO] Element geladen: btnSearchUpdates
[2025-04-13 12:05:19] [INFO] Element geladen: btnInstallSelectedUpdates
[2025-04-13 12:05:19] [INFO] Element geladen: btnInstallAllUpdates
[2025-04-13 12:05:19] [INFO] Element geladen: gridAvailableUpdates
[2025-04-13 12:05:19] [INFO] Element geladen: chkAutoReboot
[2025-04-13 12:05:19] [INFO] Element geladen: chkDownloadOnly
[2025-04-13 12:05:19] [INFO] Element geladen: chkIncludeDrivers
[2025-04-13 12:05:19] [INFO] Element geladen: txtUpdateStatus
[2025-04-13 12:05:19] [INFO] Element geladen: txtLastSearchTime
[2025-04-13 12:05:19] [INFO] Element geladen: UpdateHistory
[2025-04-13 12:05:19] [INFO] Element geladen: cmbHistoryCount
[2025-04-13 12:05:19] [INFO] Element geladen: btnRefreshHistory
[2025-04-13 12:05:19] [INFO] Element geladen: btnExportHistory
[2025-04-13 12:05:19] [INFO] Element geladen: gridUpdateHistory
[2025-04-13 12:05:19] [INFO] Element geladen: Scheduler
[2025-04-13 12:05:19] [INFO] Element geladen: txtTaskName
[2025-04-13 12:05:19] [INFO] Element geladen: cmbWeekday
[2025-04-13 12:05:19] [INFO] Element geladen: txtHour
[2025-04-13 12:05:19] [INFO] Element geladen: txtMinute
[2025-04-13 12:05:19] [INFO] Element geladen: chkScheduleAcceptAll
[2025-04-13 12:05:19] [INFO] Element geladen: chkScheduleAutoReboot
[2025-04-13 12:05:19] [INFO] Element geladen: chkScheduleInstallDrivers
[2025-04-13 12:05:19] [INFO] Element geladen: btnCreateTask
[2025-04-13 12:05:19] [INFO] Element geladen: btnViewTasks
[2025-04-13 12:05:19] [INFO] Element geladen: listScheduledTasks
[2025-04-13 12:05:19] [INFO] Element geladen: ServiceMonitor
[2025-04-13 12:05:19] [INFO] Element geladen: btnRefreshServices
[2025-04-13 12:05:19] [INFO] Element geladen: btnRestartAllServices
[2025-04-13 12:05:19] [INFO] Element geladen: txtStatusWUAU
[2025-04-13 12:05:19] [INFO] Element geladen: txtStartTypeWUAU
[2025-04-13 12:05:19] [INFO] Element geladen: btnStartWUAU
[2025-04-13 12:05:19] [INFO] Element geladen: btnStopWUAU
[2025-04-13 12:05:19] [INFO] Element geladen: btnRestartWUAU
[2025-04-13 12:05:19] [INFO] Element geladen: txtStatusBITS
[2025-04-13 12:05:19] [INFO] Element geladen: txtStartTypeBITS
[2025-04-13 12:05:19] [INFO] Element geladen: btnStartBITS
[2025-04-13 12:05:19] [INFO] Element geladen: btnStopBITS
[2025-04-13 12:05:19] [INFO] Element geladen: btnRestartBITS
[2025-04-13 12:05:19] [INFO] Element geladen: txtStatusCRYPT
[2025-04-13 12:05:19] [INFO] Element geladen: txtStartTypeCRYPT
[2025-04-13 12:05:19] [INFO] Element geladen: btnStartCRYPT
[2025-04-13 12:05:19] [INFO] Element geladen: btnStopCRYPT
[2025-04-13 12:05:19] [INFO] Element geladen: btnRestartCRYPT
[2025-04-13 12:05:19] [INFO] Element geladen: txtStatusTRUST
[2025-04-13 12:05:19] [INFO] Element geladen: txtStartTypeTRUST
[2025-04-13 12:05:19] [INFO] Element geladen: btnStartTRUST
[2025-04-13 12:05:19] [INFO] Element geladen: btnStopTRUST
[2025-04-13 12:05:19] [INFO] Element geladen: btnRestartTRUST
[2025-04-13 12:05:19] [INFO] Element geladen: txtStatusDOSVC
[2025-04-13 12:05:19] [INFO] Element geladen: txtStartTypeDOSVC
[2025-04-13 12:05:19] [INFO] Element geladen: btnStartDOSVC
[2025-04-13 12:05:19] [INFO] Element geladen: btnStopDOSVC
[2025-04-13 12:05:19] [INFO] Element geladen: btnRestartDOSVC
[2025-04-13 12:05:19] [INFO] Element geladen: txtStatusUSO
[2025-04-13 12:05:19] [INFO] Element geladen: txtStartTypeUSO
[2025-04-13 12:05:19] [INFO] Element geladen: btnStartUSO
[2025-04-13 12:05:19] [INFO] Element geladen: btnStopUSO
[2025-04-13 12:05:19] [INFO] Element geladen: btnRestartUSO
[2025-04-13 12:05:19] [INFO] Element geladen: txtStatusMEDIC
[2025-04-13 12:05:19] [INFO] Element geladen: txtStartTypeMEDIC
[2025-04-13 12:05:19] [INFO] Element geladen: btnStartMEDIC
[2025-04-13 12:05:19] [INFO] Element geladen: btnStopMEDIC
[2025-04-13 12:05:19] [INFO] Element geladen: btnRestartMEDIC
[2025-04-13 12:05:19] [INFO] Element geladen: txtServiceInfo
[2025-04-13 12:05:19] [INFO] Element geladen: SystemStats
[2025-04-13 12:05:19] [INFO] Element geladen: btnRefreshResources
[2025-04-13 12:05:19] [INFO] Element geladen: progressCPU
[2025-04-13 12:05:19] [INFO] Element geladen: txtCPUValue
[2025-04-13 12:05:19] [INFO] Element geladen: progressRAM
[2025-04-13 12:05:19] [INFO] Element geladen: txtRAMValue
[2025-04-13 12:05:19] [INFO] Element geladen: progressDisk
[2025-04-13 12:05:19] [INFO] Element geladen: txtDiskValue
[2025-04-13 12:05:19] [INFO] Element geladen: chartUpdateStats
[2025-04-13 12:05:19] [INFO] Element geladen: txtProcessorInfo
[2025-04-13 12:05:20] [INFO] Element geladen: txtMemoryInfo
[2025-04-13 12:05:20] [INFO] Element geladen: txtOSInfo
[2025-04-13 12:05:20] [INFO] Element geladen: txtDiskInfo
[2025-04-13 12:05:20] [INFO] Element geladen: txtUpdateInfo
[2025-04-13 12:05:20] [INFO] Element geladen: txtNetworkInfo
[2025-04-13 12:05:20] [INFO] Element geladen: txtLastRefresh
[2025-04-13 12:05:20] [INFO] Element geladen: cmbRefreshInterval
[2025-04-13 12:05:20] [INFO] Element geladen: chkAutoRefreshResources
[2025-04-13 12:05:20] [INFO] Element geladen: LogViewer
[2025-04-13 12:05:20] [INFO] Element geladen: cmbLogType
[2025-04-13 12:05:20] [INFO] Element geladen: cmbLogLines
[2025-04-13 12:05:20] [INFO] Element geladen: txtLogSearch
[2025-04-13 12:05:20] [INFO] Element geladen: btnSearchLog
[2025-04-13 12:05:20] [INFO] Element geladen: btnLoadLog
[2025-04-13 12:05:20] [INFO] Element geladen: btnExportLog
[2025-04-13 12:05:20] [INFO] Element geladen: txtLogContent
[2025-04-13 12:05:20] [INFO] Element geladen: txtLogStatus
[2025-04-13 12:05:20] [INFO] Element geladen: btnClearLogSearch
[2025-04-13 12:05:20] [INFO] Element geladen: btnOpenLogFolder
[2025-04-13 12:05:20] [INFO] Element geladen: Toolbox
[2025-04-13 12:05:20] [INFO] Element geladen: btnEventViewer
[2025-04-13 12:05:20] [INFO] Element geladen: btnResourceMonitor
[2025-04-13 12:05:20] [INFO] Element geladen: btnReliabilityMonitor
[2025-04-13 12:05:20] [INFO] Element geladen: btnDeviceManager
[2025-04-13 12:05:20] [INFO] Element geladen: btnServices
[2025-04-13 12:05:20] [INFO] Element geladen: btnDiskManagement
[2025-04-13 12:05:20] [INFO] Element geladen: btnRegistryEditor
[2025-04-13 12:05:20] [INFO] Element geladen: btnUpdateTroubleshooter
[2025-04-13 12:05:20] [INFO] Element geladen: btnResetComponents
[2025-04-13 12:05:20] [INFO] Element geladen: btnClearUpdateCache
[2025-04-13 12:05:20] [INFO] Element geladen: btnBackupRegistry
[2025-04-13 12:05:20] [INFO] Element geladen: btnDISMHealth
[2025-04-13 12:05:20] [INFO] Element geladen: btnSFCScan
[2025-04-13 12:05:20] [INFO] Element geladen: txtSearchDocs
[2025-04-13 12:05:20] [INFO] Element geladen: btnSearchDocs
[2025-04-13 12:05:20] [INFO] Element geladen: txtToolOutput
[2025-04-13 12:05:20] [INFO] Element geladen: WUSASettings
[2025-04-13 12:05:20] [INFO] Element geladen: btnRefreshWuSettings
[2025-04-13 12:05:20] [INFO] Element geladen: btnResetWuSettings
[2025-04-13 12:05:20] [INFO] Element geladen: gridWUSettings
[2025-04-13 12:05:20] [INFO] Element geladen: gridWUAUSettings
[2025-04-13 12:05:20] [INFO] Element geladen: gridCurrentWUSettings
[2025-04-13 12:05:20] [INFO] Element geladen: SystemReport
[2025-04-13 12:05:20] [INFO] Element geladen: btnGenerateReport
[2025-04-13 12:05:20] [INFO] Element geladen: btnExportReport
[2025-04-13 12:05:20] [INFO] Element geladen: chkReportSystemInfo
[2025-04-13 12:05:20] [INFO] Element geladen: chkReportUpdateConfig
[2025-04-13 12:05:20] [INFO] Element geladen: chkReportUpdateHistory
[2025-04-13 12:05:20] [INFO] Element geladen: chkReportServices
[2025-04-13 12:05:20] [INFO] Element geladen: chkReportDiskSpace
[2025-04-13 12:05:20] [INFO] Element geladen: chkReportEventLogs
[2025-04-13 12:05:20] [INFO] Element geladen: chkReportNetworkConfig
[2025-04-13 12:05:20] [INFO] Element geladen: radFormatTxt
[2025-04-13 12:05:20] [INFO] Element geladen: radFormatHtml
[2025-04-13 12:05:20] [INFO] Element geladen: radFormatCsv
[2025-04-13 12:05:20] [INFO] Element geladen: txtReportPreview
[2025-04-13 12:05:20] [INFO] Element geladen: txtReportStatus
[2025-04-13 12:05:20] [INFO] Element geladen: Troubleshooting
[2025-04-13 12:05:20] [INFO] Element geladen: txtErrorSearch
[2025-04-13 12:05:20] [INFO] Element geladen: txtErrorSearchPlaceholder
[2025-04-13 12:05:20] [INFO] Element geladen: btnSearchError
[2025-04-13 12:05:20] [INFO] Element geladen: errorCodesDataGrid
[2025-04-13 12:05:20] [INFO] Element geladen: btnExecuteCommand
[2025-04-13 12:05:20] [INFO] Element geladen: btnShowDocs
[2025-04-13 12:05:20] [INFO] Element geladen: btnRunDiagnostics
[2025-04-13 12:05:20] [INFO] Element geladen: Settings
[2025-04-13 12:05:20] [INFO] Element geladen: chkStartupCheck
[2025-04-13 12:05:20] [INFO] Element geladen: chkAutoRefresh
[2025-04-13 12:05:20] [INFO] Element geladen: chkSaveHistory
[2025-04-13 12:05:21] [INFO] Element geladen: chkSaveReports
[2025-04-13 12:05:21] [INFO] Element geladen: chkEnableLogging
[2025-04-13 12:05:21] [INFO] Element geladen: chkDetailedLogs
[2025-04-13 12:05:21] [INFO] Element geladen: txtLogPath
[2025-04-13 12:05:21] [INFO] Element geladen: btnBrowseLogPath
[2025-04-13 12:05:21] [INFO] Element geladen: chkIncludeDriverUpdates
[2025-04-13 12:05:21] [INFO] Element geladen: chkIncludeOptionalUpdates
[2025-04-13 12:05:21] [INFO] Element geladen: chkEnableRemote
[2025-04-13 12:05:21] [INFO] Element geladen: txtComputerList
[2025-04-13 12:05:21] [INFO] Element geladen: btnBrowseComputerList
[2025-04-13 12:05:21] [SUCCESS] Service-Button-Events erfolgreich registriert
[2025-04-13 12:05:21] [INFO] Event-Handler erfolgreich registriert
[2025-04-13 12:05:21] [INFO] Toolbox-Event-Handler erfolgreich registriert
[2025-04-13 12:05:21] [INFO] System Report Event Handler erfolgreich registriert
[2025-04-13 12:05:21] [INFO] Troubleshooting-Event-Handler erfolgreich registriert
[2025-04-13 12:05:21] [INFO] Anzeigen des Fensters...
[2025-04-13 12:05:22] [WARNING] CPU-Counter nicht verfügbar, verwende WMI als Fallback
[2025-04-13 12:05:24] [INFO] Systemauslastung erfolgreich abgerufen: CPU 76.5%, RAM 71%, Disk 25.74%
[2025-04-13 12:05:30] [INFO] Service Monitor Tab ausgewählt
[2025-04-13 12:05:30] [SUCCESS] Dienste-Status erfolgreich aktualisiert: 7 Dienste
[2025-04-13 12:05:31] [ERROR] Kritischer Fehler: Exception calling "ShowDialog" with "0" argument(s): "The term 'Set-ServiceOperation' is not recognized as a name of a cmdlet, function, script file, or executable program.
Check the spelling of the name, or if a path was included, verify that the path is correct and try again."
[2025-04-13 12:05:31] [ERROR] Stack Trace:    at System.Management.Automation.ExceptionHandlingOps.CheckActionPreference(FunctionContext funcContext, Exception exception)
   at System.Management.Automation.Interpreter.ActionCallInstruction`2.Run(InterpretedFrame frame)
   at System.Management.Automation.Interpreter.EnterTryCatchFinallyInstruction.Run(InterpretedFrame frame)
   at System.Management.Automation.Interpreter.EnterTryCatchFinallyInstruction.Run(InterpretedFrame frame)
[2025-04-13 12:06:30] [INFO] Versuche XAML zu laden von: Z:\OD_PowerShell\easyWusaWSUS\GUI\SimpleGUI.xaml
[2025-04-13 12:06:30] [INFO] XAML erfolgreich geladen.
[2025-04-13 12:06:30] [INFO] 179 benannte Elemente gefunden.
[2025-04-13 12:06:30] [WARNING] Element 'Border' konnte nicht gefunden werden.
[2025-04-13 12:06:30] [WARNING] Element 'ContentSite' konnte nicht gefunden werden.
[2025-04-13 12:06:30] [INFO] Element geladen: btnDashboard
[2025-04-13 12:06:30] [INFO] Element geladen: btnUpdateManager
[2025-04-13 12:06:30] [INFO] Element geladen: btnUpdateHistory
[2025-04-13 12:06:30] [INFO] Element geladen: btnServiceMonitor
[2025-04-13 12:06:30] [INFO] Element geladen: btnSystemStats
[2025-04-13 12:06:30] [INFO] Element geladen: btnLogViewer
[2025-04-13 12:06:30] [INFO] Element geladen: btnToolbox
[2025-04-13 12:06:30] [INFO] Element geladen: btnSettings
[2025-04-13 12:06:30] [INFO] Element geladen: btnSystemReport
[2025-04-13 12:06:30] [INFO] Element geladen: btnTroubleshooting
[2025-04-13 12:06:30] [INFO] Element geladen: btnClose
[2025-04-13 12:06:30] [INFO] Element geladen: Dashboard
[2025-04-13 12:06:30] [INFO] Element geladen: txtSystemInfo
[2025-04-13 12:06:30] [INFO] Element geladen: txtWsusStatus
[2025-04-13 12:06:30] [INFO] Element geladen: txtLastCheck
[2025-04-13 12:06:30] [INFO] Element geladen: txtLastInstall
[2025-04-13 12:06:30] [INFO] Element geladen: txtNextScheduled
[2025-04-13 12:06:30] [INFO] Element geladen: btnCheckUpdates
[2025-04-13 12:06:30] [INFO] Element geladen: btnInstallUpdates
[2025-04-13 12:06:30] [INFO] Element geladen: btnRefreshStatus
[2025-04-13 12:06:30] [INFO] Element geladen: btnCleanupCache
[2025-04-13 12:06:30] [INFO] Element geladen: txtUpdateSummary
[2025-04-13 12:06:30] [INFO] Element geladen: txtTips
[2025-04-13 12:06:30] [INFO] Element geladen: UpdateManager
[2025-04-13 12:06:30] [INFO] Element geladen: btnSearchUpdates
[2025-04-13 12:06:30] [INFO] Element geladen: btnInstallSelectedUpdates
[2025-04-13 12:06:30] [INFO] Element geladen: btnInstallAllUpdates
[2025-04-13 12:06:30] [INFO] Element geladen: gridAvailableUpdates
[2025-04-13 12:06:31] [INFO] Element geladen: chkAutoReboot
[2025-04-13 12:06:31] [INFO] Element geladen: chkDownloadOnly
[2025-04-13 12:06:31] [INFO] Element geladen: chkIncludeDrivers
[2025-04-13 12:06:31] [INFO] Element geladen: txtUpdateStatus
[2025-04-13 12:06:31] [INFO] Element geladen: txtLastSearchTime
[2025-04-13 12:06:31] [INFO] Element geladen: UpdateHistory
[2025-04-13 12:06:31] [INFO] Element geladen: cmbHistoryCount
[2025-04-13 12:06:31] [INFO] Element geladen: btnRefreshHistory
[2025-04-13 12:06:31] [INFO] Element geladen: btnExportHistory
[2025-04-13 12:06:31] [INFO] Element geladen: gridUpdateHistory
[2025-04-13 12:06:31] [INFO] Element geladen: Scheduler
[2025-04-13 12:06:31] [INFO] Element geladen: txtTaskName
[2025-04-13 12:06:31] [INFO] Element geladen: cmbWeekday
[2025-04-13 12:06:31] [INFO] Element geladen: txtHour
[2025-04-13 12:06:31] [INFO] Element geladen: txtMinute
[2025-04-13 12:06:31] [INFO] Element geladen: chkScheduleAcceptAll
[2025-04-13 12:06:31] [INFO] Element geladen: chkScheduleAutoReboot
[2025-04-13 12:06:31] [INFO] Element geladen: chkScheduleInstallDrivers
[2025-04-13 12:06:31] [INFO] Element geladen: btnCreateTask
[2025-04-13 12:06:31] [INFO] Element geladen: btnViewTasks
[2025-04-13 12:06:31] [INFO] Element geladen: listScheduledTasks
[2025-04-13 12:06:31] [INFO] Element geladen: ServiceMonitor
[2025-04-13 12:06:31] [INFO] Element geladen: btnRefreshServices
[2025-04-13 12:06:31] [INFO] Element geladen: btnRestartAllServices
[2025-04-13 12:06:31] [INFO] Element geladen: txtStatusWUAU
[2025-04-13 12:06:31] [INFO] Element geladen: txtStartTypeWUAU
[2025-04-13 12:06:31] [INFO] Element geladen: btnStartWUAU
[2025-04-13 12:06:31] [INFO] Element geladen: btnStopWUAU
[2025-04-13 12:06:31] [INFO] Element geladen: btnRestartWUAU
[2025-04-13 12:06:31] [INFO] Element geladen: txtStatusBITS
[2025-04-13 12:06:31] [INFO] Element geladen: txtStartTypeBITS
[2025-04-13 12:06:31] [INFO] Element geladen: btnStartBITS
[2025-04-13 12:06:31] [INFO] Element geladen: btnStopBITS
[2025-04-13 12:06:31] [INFO] Element geladen: btnRestartBITS
[2025-04-13 12:06:31] [INFO] Element geladen: txtStatusCRYPT
[2025-04-13 12:06:31] [INFO] Element geladen: txtStartTypeCRYPT
[2025-04-13 12:06:31] [INFO] Element geladen: btnStartCRYPT
[2025-04-13 12:06:31] [INFO] Element geladen: btnStopCRYPT
[2025-04-13 12:06:31] [INFO] Element geladen: btnRestartCRYPT
[2025-04-13 12:06:31] [INFO] Element geladen: txtStatusTRUST
[2025-04-13 12:06:31] [INFO] Element geladen: txtStartTypeTRUST
[2025-04-13 12:06:31] [INFO] Element geladen: btnStartTRUST
[2025-04-13 12:06:31] [INFO] Element geladen: btnStopTRUST
[2025-04-13 12:06:31] [INFO] Element geladen: btnRestartTRUST
[2025-04-13 12:06:31] [INFO] Element geladen: txtStatusDOSVC
[2025-04-13 12:06:31] [INFO] Element geladen: txtStartTypeDOSVC
[2025-04-13 12:06:31] [INFO] Element geladen: btnStartDOSVC
[2025-04-13 12:06:31] [INFO] Element geladen: btnStopDOSVC
[2025-04-13 12:06:31] [INFO] Element geladen: btnRestartDOSVC
[2025-04-13 12:06:31] [INFO] Element geladen: txtStatusUSO
[2025-04-13 12:06:31] [INFO] Element geladen: txtStartTypeUSO
[2025-04-13 12:06:31] [INFO] Element geladen: btnStartUSO
[2025-04-13 12:06:31] [INFO] Element geladen: btnStopUSO
[2025-04-13 12:06:31] [INFO] Element geladen: btnRestartUSO
[2025-04-13 12:06:31] [INFO] Element geladen: txtStatusMEDIC
[2025-04-13 12:06:31] [INFO] Element geladen: txtStartTypeMEDIC
[2025-04-13 12:06:31] [INFO] Element geladen: btnStartMEDIC
[2025-04-13 12:06:31] [INFO] Element geladen: btnStopMEDIC
[2025-04-13 12:06:31] [INFO] Element geladen: btnRestartMEDIC
[2025-04-13 12:06:31] [INFO] Element geladen: txtServiceInfo
[2025-04-13 12:06:31] [INFO] Element geladen: SystemStats
[2025-04-13 12:06:31] [INFO] Element geladen: btnRefreshResources
[2025-04-13 12:06:31] [INFO] Element geladen: progressCPU
[2025-04-13 12:06:31] [INFO] Element geladen: txtCPUValue
[2025-04-13 12:06:31] [INFO] Element geladen: progressRAM
[2025-04-13 12:06:31] [INFO] Element geladen: txtRAMValue
[2025-04-13 12:06:31] [INFO] Element geladen: progressDisk
[2025-04-13 12:06:31] [INFO] Element geladen: txtDiskValue
[2025-04-13 12:06:31] [INFO] Element geladen: chartUpdateStats
[2025-04-13 12:06:31] [INFO] Element geladen: txtProcessorInfo
[2025-04-13 12:06:31] [INFO] Element geladen: txtMemoryInfo
[2025-04-13 12:06:31] [INFO] Element geladen: txtOSInfo
[2025-04-13 12:06:31] [INFO] Element geladen: txtDiskInfo
[2025-04-13 12:06:31] [INFO] Element geladen: txtUpdateInfo
[2025-04-13 12:06:31] [INFO] Element geladen: txtNetworkInfo
[2025-04-13 12:06:31] [INFO] Element geladen: txtLastRefresh
[2025-04-13 12:06:31] [INFO] Element geladen: cmbRefreshInterval
[2025-04-13 12:06:31] [INFO] Element geladen: chkAutoRefreshResources
[2025-04-13 12:06:31] [INFO] Element geladen: LogViewer
[2025-04-13 12:06:31] [INFO] Element geladen: cmbLogType
[2025-04-13 12:06:31] [INFO] Element geladen: cmbLogLines
[2025-04-13 12:06:31] [INFO] Element geladen: txtLogSearch
[2025-04-13 12:06:31] [INFO] Element geladen: btnSearchLog
[2025-04-13 12:06:31] [INFO] Element geladen: btnLoadLog
[2025-04-13 12:06:31] [INFO] Element geladen: btnExportLog
[2025-04-13 12:06:31] [INFO] Element geladen: txtLogContent
[2025-04-13 12:06:31] [INFO] Element geladen: txtLogStatus
[2025-04-13 12:06:31] [INFO] Element geladen: btnClearLogSearch
[2025-04-13 12:06:31] [INFO] Element geladen: btnOpenLogFolder
[2025-04-13 12:06:32] [INFO] Element geladen: Toolbox
[2025-04-13 12:06:32] [INFO] Element geladen: btnEventViewer
[2025-04-13 12:06:32] [INFO] Element geladen: btnResourceMonitor
[2025-04-13 12:06:32] [INFO] Element geladen: btnReliabilityMonitor
[2025-04-13 12:06:32] [INFO] Element geladen: btnDeviceManager
[2025-04-13 12:06:32] [INFO] Element geladen: btnServices
[2025-04-13 12:06:32] [INFO] Element geladen: btnDiskManagement
[2025-04-13 12:06:32] [INFO] Element geladen: btnRegistryEditor
[2025-04-13 12:06:32] [INFO] Element geladen: btnUpdateTroubleshooter
[2025-04-13 12:06:32] [INFO] Element geladen: btnResetComponents
[2025-04-13 12:06:32] [INFO] Element geladen: btnClearUpdateCache
[2025-04-13 12:06:32] [INFO] Element geladen: btnBackupRegistry
[2025-04-13 12:06:32] [INFO] Element geladen: btnDISMHealth
[2025-04-13 12:06:32] [INFO] Element geladen: btnSFCScan
[2025-04-13 12:06:32] [INFO] Element geladen: txtSearchDocs
[2025-04-13 12:06:32] [INFO] Element geladen: btnSearchDocs
[2025-04-13 12:06:32] [INFO] Element geladen: txtToolOutput
[2025-04-13 12:06:32] [INFO] Element geladen: WUSASettings
[2025-04-13 12:06:32] [INFO] Element geladen: btnRefreshWuSettings
[2025-04-13 12:06:32] [INFO] Element geladen: btnResetWuSettings
[2025-04-13 12:06:32] [INFO] Element geladen: gridWUSettings
[2025-04-13 12:06:32] [INFO] Element geladen: gridWUAUSettings
[2025-04-13 12:06:32] [INFO] Element geladen: gridCurrentWUSettings
[2025-04-13 12:06:32] [INFO] Element geladen: SystemReport
[2025-04-13 12:06:32] [INFO] Element geladen: btnGenerateReport
[2025-04-13 12:06:32] [INFO] Element geladen: btnExportReport
[2025-04-13 12:06:32] [INFO] Element geladen: chkReportSystemInfo
[2025-04-13 12:06:32] [INFO] Element geladen: chkReportUpdateConfig
[2025-04-13 12:06:32] [INFO] Element geladen: chkReportUpdateHistory
[2025-04-13 12:06:32] [INFO] Element geladen: chkReportServices
[2025-04-13 12:06:32] [INFO] Element geladen: chkReportDiskSpace
[2025-04-13 12:06:32] [INFO] Element geladen: chkReportEventLogs
[2025-04-13 12:06:32] [INFO] Element geladen: chkReportNetworkConfig
[2025-04-13 12:06:32] [INFO] Element geladen: radFormatTxt
[2025-04-13 12:06:32] [INFO] Element geladen: radFormatHtml
[2025-04-13 12:06:32] [INFO] Element geladen: radFormatCsv
[2025-04-13 12:06:32] [INFO] Element geladen: txtReportPreview
[2025-04-13 12:06:32] [INFO] Element geladen: txtReportStatus
[2025-04-13 12:06:32] [INFO] Element geladen: Troubleshooting
[2025-04-13 12:06:32] [INFO] Element geladen: txtErrorSearch
[2025-04-13 12:06:32] [INFO] Element geladen: txtErrorSearchPlaceholder
[2025-04-13 12:06:32] [INFO] Element geladen: btnSearchError
[2025-04-13 12:06:32] [INFO] Element geladen: errorCodesDataGrid
[2025-04-13 12:06:32] [INFO] Element geladen: btnExecuteCommand
[2025-04-13 12:06:32] [INFO] Element geladen: btnShowDocs
[2025-04-13 12:06:32] [INFO] Element geladen: btnRunDiagnostics
[2025-04-13 12:06:32] [INFO] Element geladen: Settings
[2025-04-13 12:06:32] [INFO] Element geladen: chkStartupCheck
[2025-04-13 12:06:32] [INFO] Element geladen: chkAutoRefresh
[2025-04-13 12:06:32] [INFO] Element geladen: chkSaveHistory
[2025-04-13 12:06:32] [INFO] Element geladen: chkSaveReports
[2025-04-13 12:06:32] [INFO] Element geladen: chkEnableLogging
[2025-04-13 12:06:32] [INFO] Element geladen: chkDetailedLogs
[2025-04-13 12:06:32] [INFO] Element geladen: txtLogPath
[2025-04-13 12:06:32] [INFO] Element geladen: btnBrowseLogPath
[2025-04-13 12:06:32] [INFO] Element geladen: chkIncludeDriverUpdates
[2025-04-13 12:06:32] [INFO] Element geladen: chkIncludeOptionalUpdates
[2025-04-13 12:06:32] [INFO] Element geladen: chkEnableRemote
[2025-04-13 12:06:32] [INFO] Element geladen: txtComputerList
[2025-04-13 12:06:32] [INFO] Element geladen: btnBrowseComputerList
[2025-04-13 12:06:32] [SUCCESS] Service-Button-Events erfolgreich registriert
[2025-04-13 12:06:32] [INFO] Event-Handler erfolgreich registriert
[2025-04-13 12:06:32] [INFO] Toolbox-Event-Handler erfolgreich registriert
[2025-04-13 12:06:32] [INFO] System Report Event Handler erfolgreich registriert
[2025-04-13 12:06:32] [INFO] Troubleshooting-Event-Handler erfolgreich registriert
[2025-04-13 12:06:33] [INFO] Anzeigen des Fensters...
[2025-04-13 12:06:33] [WARNING] CPU-Counter nicht verfügbar, verwende WMI als Fallback
[2025-04-13 12:06:35] [INFO] Systemauslastung erfolgreich abgerufen: CPU 75.5%, RAM 76.12%, Disk 25.74%
[2025-04-13 12:06:37] [INFO] Service Monitor Tab ausgewählt
[2025-04-13 12:06:37] [SUCCESS] Dienste-Status erfolgreich aktualisiert: 7 Dienste
[2025-04-13 12:06:38] [ERROR] Kritischer Fehler: Exception calling "ShowDialog" with "0" argument(s): "The term 'Set-ServiceOperation' is not recognized as a name of a cmdlet, function, script file, or executable program.
Check the spelling of the name, or if a path was included, verify that the path is correct and try again."
[2025-04-13 12:06:38] [ERROR] Stack Trace:    at System.Management.Automation.ExceptionHandlingOps.CheckActionPreference(FunctionContext funcContext, Exception exception)
   at System.Management.Automation.Interpreter.ActionCallInstruction`2.Run(InterpretedFrame frame)
   at System.Management.Automation.Interpreter.EnterTryCatchFinallyInstruction.Run(InterpretedFrame frame)
   at System.Management.Automation.Interpreter.EnterTryCatchFinallyInstruction.Run(InterpretedFrame frame)
[2025-04-13 12:08:28] [INFO] Versuche XAML zu laden von: Z:\OD_PowerShell\easyWusaWSUS\GUI\SimpleGUI.xaml
[2025-04-13 12:08:28] [INFO] XAML erfolgreich geladen.
[2025-04-13 12:08:28] [INFO] 179 benannte Elemente gefunden.
[2025-04-13 12:08:28] [WARNING] Element 'Border' konnte nicht gefunden werden.
[2025-04-13 12:08:28] [WARNING] Element 'ContentSite' konnte nicht gefunden werden.
[2025-04-13 12:08:28] [INFO] Element geladen: btnDashboard
[2025-04-13 12:08:28] [INFO] Element geladen: btnUpdateManager
[2025-04-13 12:08:28] [INFO] Element geladen: btnUpdateHistory
[2025-04-13 12:08:28] [INFO] Element geladen: btnServiceMonitor
[2025-04-13 12:08:28] [INFO] Element geladen: btnSystemStats
[2025-04-13 12:08:28] [INFO] Element geladen: btnLogViewer
[2025-04-13 12:08:28] [INFO] Element geladen: btnToolbox
[2025-04-13 12:08:28] [INFO] Element geladen: btnSettings
[2025-04-13 12:08:28] [INFO] Element geladen: btnSystemReport
[2025-04-13 12:08:28] [INFO] Element geladen: btnTroubleshooting
[2025-04-13 12:08:28] [INFO] Element geladen: btnClose
[2025-04-13 12:08:28] [INFO] Element geladen: Dashboard
[2025-04-13 12:08:28] [INFO] Element geladen: txtSystemInfo
[2025-04-13 12:08:28] [INFO] Element geladen: txtWsusStatus
[2025-04-13 12:08:28] [INFO] Element geladen: txtLastCheck
[2025-04-13 12:08:28] [INFO] Element geladen: txtLastInstall
[2025-04-13 12:08:28] [INFO] Element geladen: txtNextScheduled
[2025-04-13 12:08:28] [INFO] Element geladen: btnCheckUpdates
[2025-04-13 12:08:28] [INFO] Element geladen: btnInstallUpdates
[2025-04-13 12:08:28] [INFO] Element geladen: btnRefreshStatus
[2025-04-13 12:08:28] [INFO] Element geladen: btnCleanupCache
[2025-04-13 12:08:28] [INFO] Element geladen: txtUpdateSummary
[2025-04-13 12:08:28] [INFO] Element geladen: txtTips
[2025-04-13 12:08:28] [INFO] Element geladen: UpdateManager
[2025-04-13 12:08:28] [INFO] Element geladen: btnSearchUpdates
[2025-04-13 12:08:28] [INFO] Element geladen: btnInstallSelectedUpdates
[2025-04-13 12:08:28] [INFO] Element geladen: btnInstallAllUpdates
[2025-04-13 12:08:28] [INFO] Element geladen: gridAvailableUpdates
[2025-04-13 12:08:28] [INFO] Element geladen: chkAutoReboot
[2025-04-13 12:08:28] [INFO] Element geladen: chkDownloadOnly
[2025-04-13 12:08:28] [INFO] Element geladen: chkIncludeDrivers
[2025-04-13 12:08:28] [INFO] Element geladen: txtUpdateStatus
[2025-04-13 12:08:28] [INFO] Element geladen: txtLastSearchTime
[2025-04-13 12:08:28] [INFO] Element geladen: UpdateHistory
[2025-04-13 12:08:28] [INFO] Element geladen: cmbHistoryCount
[2025-04-13 12:08:28] [INFO] Element geladen: btnRefreshHistory
[2025-04-13 12:08:28] [INFO] Element geladen: btnExportHistory
[2025-04-13 12:08:28] [INFO] Element geladen: gridUpdateHistory
[2025-04-13 12:08:28] [INFO] Element geladen: Scheduler
[2025-04-13 12:08:28] [INFO] Element geladen: txtTaskName
[2025-04-13 12:08:28] [INFO] Element geladen: cmbWeekday
[2025-04-13 12:08:28] [INFO] Element geladen: txtHour
[2025-04-13 12:08:28] [INFO] Element geladen: txtMinute
[2025-04-13 12:08:28] [INFO] Element geladen: chkScheduleAcceptAll
[2025-04-13 12:08:28] [INFO] Element geladen: chkScheduleAutoReboot
[2025-04-13 12:08:28] [INFO] Element geladen: chkScheduleInstallDrivers
[2025-04-13 12:08:28] [INFO] Element geladen: btnCreateTask
[2025-04-13 12:08:28] [INFO] Element geladen: btnViewTasks
[2025-04-13 12:08:28] [INFO] Element geladen: listScheduledTasks
[2025-04-13 12:08:28] [INFO] Element geladen: ServiceMonitor
[2025-04-13 12:08:28] [INFO] Element geladen: btnRefreshServices
[2025-04-13 12:08:28] [INFO] Element geladen: btnRestartAllServices
[2025-04-13 12:08:28] [INFO] Element geladen: txtStatusWUAU
[2025-04-13 12:08:28] [INFO] Element geladen: txtStartTypeWUAU
[2025-04-13 12:08:28] [INFO] Element geladen: btnStartWUAU
[2025-04-13 12:08:28] [INFO] Element geladen: btnStopWUAU
[2025-04-13 12:08:28] [INFO] Element geladen: btnRestartWUAU
[2025-04-13 12:08:28] [INFO] Element geladen: txtStatusBITS
[2025-04-13 12:08:28] [INFO] Element geladen: txtStartTypeBITS
[2025-04-13 12:08:28] [INFO] Element geladen: btnStartBITS
[2025-04-13 12:08:28] [INFO] Element geladen: btnStopBITS
[2025-04-13 12:08:28] [INFO] Element geladen: btnRestartBITS
[2025-04-13 12:08:28] [INFO] Element geladen: txtStatusCRYPT
[2025-04-13 12:08:28] [INFO] Element geladen: txtStartTypeCRYPT
[2025-04-13 12:08:28] [INFO] Element geladen: btnStartCRYPT
[2025-04-13 12:08:28] [INFO] Element geladen: btnStopCRYPT
[2025-04-13 12:08:28] [INFO] Element geladen: btnRestartCRYPT
[2025-04-13 12:08:28] [INFO] Element geladen: txtStatusTRUST
[2025-04-13 12:08:28] [INFO] Element geladen: txtStartTypeTRUST
[2025-04-13 12:08:28] [INFO] Element geladen: btnStartTRUST
[2025-04-13 12:08:28] [INFO] Element geladen: btnStopTRUST
[2025-04-13 12:08:28] [INFO] Element geladen: btnRestartTRUST
[2025-04-13 12:08:28] [INFO] Element geladen: txtStatusDOSVC
[2025-04-13 12:08:28] [INFO] Element geladen: txtStartTypeDOSVC
[2025-04-13 12:08:28] [INFO] Element geladen: btnStartDOSVC
[2025-04-13 12:08:28] [INFO] Element geladen: btnStopDOSVC
[2025-04-13 12:08:28] [INFO] Element geladen: btnRestartDOSVC
[2025-04-13 12:08:28] [INFO] Element geladen: txtStatusUSO
[2025-04-13 12:08:29] [INFO] Element geladen: txtStartTypeUSO
[2025-04-13 12:08:29] [INFO] Element geladen: btnStartUSO
[2025-04-13 12:08:29] [INFO] Element geladen: btnStopUSO
[2025-04-13 12:08:29] [INFO] Element geladen: btnRestartUSO
[2025-04-13 12:08:29] [INFO] Element geladen: txtStatusMEDIC
[2025-04-13 12:08:29] [INFO] Element geladen: txtStartTypeMEDIC
[2025-04-13 12:08:29] [INFO] Element geladen: btnStartMEDIC
[2025-04-13 12:08:29] [INFO] Element geladen: btnStopMEDIC
[2025-04-13 12:08:29] [INFO] Element geladen: btnRestartMEDIC
[2025-04-13 12:08:29] [INFO] Element geladen: txtServiceInfo
[2025-04-13 12:08:29] [INFO] Element geladen: SystemStats
[2025-04-13 12:08:29] [INFO] Element geladen: btnRefreshResources
[2025-04-13 12:08:29] [INFO] Element geladen: progressCPU
[2025-04-13 12:08:29] [INFO] Element geladen: txtCPUValue
[2025-04-13 12:08:29] [INFO] Element geladen: progressRAM
[2025-04-13 12:08:29] [INFO] Element geladen: txtRAMValue
[2025-04-13 12:08:29] [INFO] Element geladen: progressDisk
[2025-04-13 12:08:29] [INFO] Element geladen: txtDiskValue
[2025-04-13 12:08:29] [INFO] Element geladen: chartUpdateStats
[2025-04-13 12:08:29] [INFO] Element geladen: txtProcessorInfo
[2025-04-13 12:08:29] [INFO] Element geladen: txtMemoryInfo
[2025-04-13 12:08:29] [INFO] Element geladen: txtOSInfo
[2025-04-13 12:08:29] [INFO] Element geladen: txtDiskInfo
[2025-04-13 12:08:29] [INFO] Element geladen: txtUpdateInfo
[2025-04-13 12:08:29] [INFO] Element geladen: txtNetworkInfo
[2025-04-13 12:08:29] [INFO] Element geladen: txtLastRefresh
[2025-04-13 12:08:29] [INFO] Element geladen: cmbRefreshInterval
[2025-04-13 12:08:29] [INFO] Element geladen: chkAutoRefreshResources
[2025-04-13 12:08:29] [INFO] Element geladen: LogViewer
[2025-04-13 12:08:29] [INFO] Element geladen: cmbLogType
[2025-04-13 12:08:29] [INFO] Element geladen: cmbLogLines
[2025-04-13 12:08:29] [INFO] Element geladen: txtLogSearch
[2025-04-13 12:08:29] [INFO] Element geladen: btnSearchLog
[2025-04-13 12:08:29] [INFO] Element geladen: btnLoadLog
[2025-04-13 12:08:29] [INFO] Element geladen: btnExportLog
[2025-04-13 12:08:29] [INFO] Element geladen: txtLogContent
[2025-04-13 12:08:29] [INFO] Element geladen: txtLogStatus
[2025-04-13 12:08:29] [INFO] Element geladen: btnClearLogSearch
[2025-04-13 12:08:29] [INFO] Element geladen: btnOpenLogFolder
[2025-04-13 12:08:29] [INFO] Element geladen: Toolbox
[2025-04-13 12:08:29] [INFO] Element geladen: btnEventViewer
[2025-04-13 12:08:29] [INFO] Element geladen: btnResourceMonitor
[2025-04-13 12:08:29] [INFO] Element geladen: btnReliabilityMonitor
[2025-04-13 12:08:29] [INFO] Element geladen: btnDeviceManager
[2025-04-13 12:08:29] [INFO] Element geladen: btnServices
[2025-04-13 12:08:29] [INFO] Element geladen: btnDiskManagement
[2025-04-13 12:08:29] [INFO] Element geladen: btnRegistryEditor
[2025-04-13 12:08:29] [INFO] Element geladen: btnUpdateTroubleshooter
[2025-04-13 12:08:29] [INFO] Element geladen: btnResetComponents
[2025-04-13 12:08:29] [INFO] Element geladen: btnClearUpdateCache
[2025-04-13 12:08:29] [INFO] Element geladen: btnBackupRegistry
[2025-04-13 12:08:29] [INFO] Element geladen: btnDISMHealth
[2025-04-13 12:08:29] [INFO] Element geladen: btnSFCScan
[2025-04-13 12:08:29] [INFO] Element geladen: txtSearchDocs
[2025-04-13 12:08:29] [INFO] Element geladen: btnSearchDocs
[2025-04-13 12:08:29] [INFO] Element geladen: txtToolOutput
[2025-04-13 12:08:29] [INFO] Element geladen: WUSASettings
[2025-04-13 12:08:29] [INFO] Element geladen: btnRefreshWuSettings
[2025-04-13 12:08:29] [INFO] Element geladen: btnResetWuSettings
[2025-04-13 12:08:29] [INFO] Element geladen: gridWUSettings
[2025-04-13 12:08:29] [INFO] Element geladen: gridWUAUSettings
[2025-04-13 12:08:29] [INFO] Element geladen: gridCurrentWUSettings
[2025-04-13 12:08:29] [INFO] Element geladen: SystemReport
[2025-04-13 12:08:29] [INFO] Element geladen: btnGenerateReport
[2025-04-13 12:08:29] [INFO] Element geladen: btnExportReport
[2025-04-13 12:08:29] [INFO] Element geladen: chkReportSystemInfo
[2025-04-13 12:08:29] [INFO] Element geladen: chkReportUpdateConfig
[2025-04-13 12:08:29] [INFO] Element geladen: chkReportUpdateHistory
[2025-04-13 12:08:29] [INFO] Element geladen: chkReportServices
[2025-04-13 12:08:29] [INFO] Element geladen: chkReportDiskSpace
[2025-04-13 12:08:29] [INFO] Element geladen: chkReportEventLogs
[2025-04-13 12:08:29] [INFO] Element geladen: chkReportNetworkConfig
[2025-04-13 12:08:29] [INFO] Element geladen: radFormatTxt
[2025-04-13 12:08:29] [INFO] Element geladen: radFormatHtml
[2025-04-13 12:08:29] [INFO] Element geladen: radFormatCsv
[2025-04-13 12:08:29] [INFO] Element geladen: txtReportPreview
[2025-04-13 12:08:29] [INFO] Element geladen: txtReportStatus
[2025-04-13 12:08:29] [INFO] Element geladen: Troubleshooting
[2025-04-13 12:08:29] [INFO] Element geladen: txtErrorSearch
[2025-04-13 12:08:29] [INFO] Element geladen: txtErrorSearchPlaceholder
[2025-04-13 12:08:29] [INFO] Element geladen: btnSearchError
[2025-04-13 12:08:29] [INFO] Element geladen: errorCodesDataGrid
[2025-04-13 12:08:29] [INFO] Element geladen: btnExecuteCommand
[2025-04-13 12:08:29] [INFO] Element geladen: btnShowDocs
[2025-04-13 12:08:29] [INFO] Element geladen: btnRunDiagnostics
[2025-04-13 12:08:29] [INFO] Element geladen: Settings
[2025-04-13 12:08:29] [INFO] Element geladen: chkStartupCheck
[2025-04-13 12:08:29] [INFO] Element geladen: chkAutoRefresh
[2025-04-13 12:08:29] [INFO] Element geladen: chkSaveHistory
[2025-04-13 12:08:29] [INFO] Element geladen: chkSaveReports
[2025-04-13 12:08:29] [INFO] Element geladen: chkEnableLogging
[2025-04-13 12:08:29] [INFO] Element geladen: chkDetailedLogs
[2025-04-13 12:08:29] [INFO] Element geladen: txtLogPath
[2025-04-13 12:08:29] [INFO] Element geladen: btnBrowseLogPath
[2025-04-13 12:08:29] [INFO] Element geladen: chkIncludeDriverUpdates
[2025-04-13 12:08:29] [INFO] Element geladen: chkIncludeOptionalUpdates
[2025-04-13 12:08:29] [INFO] Element geladen: chkEnableRemote
[2025-04-13 12:08:29] [INFO] Element geladen: txtComputerList
[2025-04-13 12:08:29] [INFO] Element geladen: btnBrowseComputerList
[2025-04-13 12:08:29] [SUCCESS] Service-Button-Events erfolgreich registriert
[2025-04-13 12:08:29] [INFO] Event-Handler erfolgreich registriert
[2025-04-13 12:08:29] [INFO] Toolbox-Event-Handler erfolgreich registriert
[2025-04-13 12:08:29] [INFO] System Report Event Handler erfolgreich registriert
[2025-04-13 12:08:29] [INFO] Troubleshooting-Event-Handler erfolgreich registriert
[2025-04-13 12:08:30] [INFO] Anzeigen des Fensters...
[2025-04-13 12:08:30] [WARNING] CPU-Counter nicht verfügbar, verwende WMI als Fallback
[2025-04-13 12:08:32] [INFO] Systemauslastung erfolgreich abgerufen: CPU 33%, RAM 72.75%, Disk 25.74%
[2025-04-13 12:08:34] [INFO] Service Monitor Tab ausgewählt
[2025-04-13 12:08:34] [SUCCESS] Dienste-Status erfolgreich aktualisiert: 7 Dienste
[2025-04-13 12:08:35] [ERROR] Kritischer Fehler: Exception calling "ShowDialog" with "0" argument(s): "The term 'Set-ServiceOperation' is not recognized as a name of a cmdlet, function, script file, or executable program.
Check the spelling of the name, or if a path was included, verify that the path is correct and try again."
[2025-04-13 12:08:35] [ERROR] Stack Trace:    at System.Management.Automation.ExceptionHandlingOps.CheckActionPreference(FunctionContext funcContext, Exception exception)
   at System.Management.Automation.Interpreter.ActionCallInstruction`2.Run(InterpretedFrame frame)
   at System.Management.Automation.Interpreter.EnterTryCatchFinallyInstruction.Run(InterpretedFrame frame)
   at System.Management.Automation.Interpreter.EnterTryCatchFinallyInstruction.Run(InterpretedFrame frame)
[2025-04-13 14:04:43] [INFO] Update-Statistiken erfolgreich aktualisiert
[2025-04-13 14:04:45] [INFO] Ressourcen-Aktualisierungstimer gestartet: Intervall 10 Sekunden
[2025-04-13 14:04:45] [INFO] Systemressourcen erfolgreich aktualisiert
[2025-04-13 14:07:41] [INFO] Update-Statistiken erfolgreich aktualisiert
[2025-04-13 14:07:43] [INFO] Systeminformationen erfolgreich aktualisiert
[2025-04-13 14:07:49] [INFO] Update-Statistiken erfolgreich aktualisiert
[2025-04-13 14:07:51] [INFO] Ressourcen-Aktualisierungstimer gestoppt
[2025-04-13 14:07:51] [INFO] Systeminformationen erfolgreich aktualisiert
[2025-04-13 14:08:37] [INFO] Update-Statistiken erfolgreich aktualisiert
[2025-04-13 14:08:40] [INFO] Systeminformationen erfolgreich aktualisiert
[2025-04-13 14:09:36] [INFO] Update-Statistiken erfolgreich aktualisiert
[2025-04-13 14:09:38] [INFO] Systeminformationen erfolgreich aktualisiert
[2025-04-13 14:10:16] [INFO] Update-Statistiken erfolgreich aktualisiert
[2025-04-13 14:10:18] [INFO] Systeminformationen erfolgreich aktualisiert
[2025-04-13 14:11:02] [INFO] Update-Statistiken erfolgreich aktualisiert
[2025-04-13 14:11:04] [INFO] Systeminformationen erfolgreich aktualisiert
[2025-04-13 14:11:48] [INFO] Update-Statistiken erfolgreich aktualisiert
[2025-04-13 14:11:51] [INFO] Systeminformationen erfolgreich aktualisiert
[2025-04-13 14:12:27] [INFO] Update-Statistiken erfolgreich aktualisiert
[2025-04-13 14:12:29] [INFO] Systeminformationen erfolgreich aktualisiert
[2025-04-13 14:14:36] [INFO] Update-Statistiken erfolgreich aktualisiert
[2025-04-13 14:14:38] [INFO] Systeminformationen erfolgreich aktualisiert
[2025-04-13 14:15:10] [INFO] Update-Statistiken erfolgreich aktualisiert
[2025-04-13 14:15:13] [INFO] Systeminformationen erfolgreich aktualisiert
[2025-04-13 14:16:29] [INFO] Update-Statistiken erfolgreich aktualisiert
[2025-04-13 14:16:31] [INFO] Systeminformationen erfolgreich aktualisiert
[2025-04-13 14:21:27] [INFO] Update-Statistiken erfolgreich aktualisiert
[2025-04-13 14:21:30] [INFO] Systeminformationen erfolgreich aktualisiert
[2025-04-13 14:44:39] [INFO] Update-Statistiken erfolgreich aktualisiert
[2025-04-13 14:44:41] [INFO] Systeminformationen erfolgreich aktualisiert
[2025-04-13 14:49:06] [SUCCESS] Update-Manager-Event-Handler erfolgreich registriert
[2025-04-13 14:55:34] [SUCCESS] Update-Manager-Event-Handler erfolgreich registriert
[2025-04-13 14:59:49] [SUCCESS] Update-Manager-Event-Handler erfolgreich registriert
[2025-04-13 15:11:04] [WARNING] Button 'btnSearchUpdates' nicht in GUI gefunden
[2025-04-13 15:11:04] [WARNING] Button 'btnInstallSelectedUpdates' nicht in GUI gefunden
[2025-04-13 15:11:04] [WARNING] Button 'btnInstallAllUpdates' nicht in GUI gefunden
[2025-04-13 15:11:04] [SUCCESS] Update-Manager-Event-Handler erfolgreich registriert
[2025-04-13 15:12:11] [WARNING] Button 'btnSearchUpdates' nicht in GUI gefunden
[2025-04-13 15:12:11] [WARNING] Button 'btnInstallSelectedUpdates' nicht in GUI gefunden
[2025-04-13 15:12:11] [WARNING] Button 'btnInstallAllUpdates' nicht in GUI gefunden
[2025-04-13 15:12:11] [SUCCESS] Update-Manager-Event-Handler erfolgreich registriert
[2025-04-13 15:16:20] [WARNING] Button 'btnSearchUpdates' nicht in GUI gefunden
[2025-04-13 15:16:20] [WARNING] Button 'btnInstallSelectedUpdates' nicht in GUI gefunden
[2025-04-13 15:16:20] [WARNING] Button 'btnInstallAllUpdates' nicht in GUI gefunden
[2025-04-13 15:16:20] [SUCCESS] Update-Manager-Event-Handler erfolgreich registriert
[2025-04-13 15:19:22] [WARNING] Button 'btnSearchUpdates' nicht in GUI gefunden
[2025-04-13 15:19:22] [WARNING] Button 'btnInstallSelectedUpdates' nicht in GUI gefunden
[2025-04-13 15:19:22] [WARNING] Button 'btnInstallAllUpdates' nicht in GUI gefunden
[2025-04-13 15:19:22] [SUCCESS] Update-Manager-Event-Handler erfolgreich registriert
[2025-04-13 15:23:05] [WARNING] Button 'btnSearchUpdates' nicht in GUI gefunden
[2025-04-13 15:23:05] [WARNING] Button 'btnInstallSelectedUpdates' nicht in GUI gefunden
[2025-04-13 15:23:05] [WARNING] Button 'btnInstallAllUpdates' nicht in GUI gefunden
[2025-04-13 15:23:05] [SUCCESS] Update-Manager-Event-Handler erfolgreich registriert
[2025-04-13 15:23:26] [WARNING] Button 'btnSearchUpdates' nicht in GUI gefunden
[2025-04-13 15:23:26] [WARNING] Button 'btnInstallSelectedUpdates' nicht in GUI gefunden
[2025-04-13 15:23:26] [WARNING] Button 'btnInstallAllUpdates' nicht in GUI gefunden
[2025-04-13 15:23:26] [SUCCESS] Update-Manager-Event-Handler erfolgreich registriert
[2025-04-13 15:24:37] [WARNING] Button 'btnSearchUpdates' nicht in GUI gefunden
[2025-04-13 15:24:37] [WARNING] Button 'btnInstallSelectedUpdates' nicht in GUI gefunden
[2025-04-13 15:24:38] [WARNING] Button 'btnInstallAllUpdates' nicht in GUI gefunden
[2025-04-13 15:24:38] [SUCCESS] Update-Manager-Event-Handler erfolgreich registriert
[2025-04-13 15:25:13] [WARNING] Button 'btnSearchUpdates' nicht in GUI gefunden
[2025-04-13 15:25:13] [WARNING] Button 'btnInstallSelectedUpdates' nicht in GUI gefunden
[2025-04-13 15:25:13] [WARNING] Button 'btnInstallAllUpdates' nicht in GUI gefunden
[2025-04-13 15:25:13] [SUCCESS] Update-Manager-Event-Handler erfolgreich registriert
[2025-04-13 15:25:44] [WARNING] Button 'btnSearchUpdates' nicht in GUI gefunden
[2025-04-13 15:25:44] [WARNING] Button 'btnInstallSelectedUpdates' nicht in GUI gefunden
[2025-04-13 15:25:44] [WARNING] Button 'btnInstallAllUpdates' nicht in GUI gefunden
[2025-04-13 15:25:44] [SUCCESS] Update-Manager-Event-Handler erfolgreich registriert
[2025-04-13 15:26:18] [WARNING] Button 'btnSearchUpdates' nicht in GUI gefunden
[2025-04-13 15:26:18] [WARNING] Button 'btnInstallSelectedUpdates' nicht in GUI gefunden
[2025-04-13 15:26:18] [WARNING] Button 'btnInstallAllUpdates' nicht in GUI gefunden
[2025-04-13 15:26:18] [SUCCESS] Update-Manager-Event-Handler erfolgreich registriert
[2025-04-13 15:26:50] [WARNING] Button 'btnSearchUpdates' nicht in GUI gefunden
[2025-04-13 15:26:50] [WARNING] Button 'btnInstallSelectedUpdates' nicht in GUI gefunden
[2025-04-13 15:26:50] [WARNING] Button 'btnInstallAllUpdates' nicht in GUI gefunden
[2025-04-13 15:26:50] [SUCCESS] Update-Manager-Event-Handler erfolgreich registriert
[2025-04-13 15:27:14] [WARNING] Button 'btnSearchUpdates' nicht in GUI gefunden
[2025-04-13 15:27:14] [WARNING] Button 'btnInstallSelectedUpdates' nicht in GUI gefunden
[2025-04-13 15:27:14] [WARNING] Button 'btnInstallAllUpdates' nicht in GUI gefunden
[2025-04-13 15:27:14] [SUCCESS] Update-Manager-Event-Handler erfolgreich registriert
[2025-04-13 15:28:43] [WARNING] Button 'btnSearchUpdates' nicht in GUI gefunden
[2025-04-13 15:28:43] [WARNING] Button 'btnInstallSelectedUpdates' nicht in GUI gefunden
[2025-04-13 15:28:43] [WARNING] Button 'btnInstallAllUpdates' nicht in GUI gefunden
[2025-04-13 15:28:43] [SUCCESS] Update-Manager-Event-Handler erfolgreich registriert
[2025-04-13 15:32:47] [WARNING] Button 'btnSearchUpdates' nicht in GUI gefunden
[2025-04-13 15:32:47] [WARNING] Button 'btnInstallSelectedUpdates' nicht in GUI gefunden
[2025-04-13 15:32:47] [WARNING] Button 'btnInstallAllUpdates' nicht in GUI gefunden
[2025-04-13 15:32:47] [SUCCESS] Update-Manager-Event-Handler erfolgreich registriert
[2025-04-13 15:35:48] [WARNING] Button 'btnSearchUpdates' nicht in GUI gefunden
[2025-04-13 15:35:48] [WARNING] Button 'btnInstallSelectedUpdates' nicht in GUI gefunden
[2025-04-13 15:35:48] [WARNING] Button 'btnInstallAllUpdates' nicht in GUI gefunden
[2025-04-13 15:35:48] [SUCCESS] Update-Manager-Event-Handler erfolgreich registriert
[2025-04-13 15:37:50] [WARNING] Button 'btnSearchUpdates' nicht in GUI gefunden
[2025-04-13 15:37:50] [WARNING] Button 'btnInstallSelectedUpdates' nicht in GUI gefunden
[2025-04-13 15:37:51] [WARNING] Button 'btnInstallAllUpdates' nicht in GUI gefunden
[2025-04-13 15:37:51] [SUCCESS] Update-Manager-Event-Handler erfolgreich registriert
[2025-04-13 15:38:58] [WARNING] Button 'btnSearchUpdates' nicht in GUI gefunden
[2025-04-13 15:38:59] [WARNING] Button 'btnInstallSelectedUpdates' nicht in GUI gefunden
[2025-04-13 15:38:59] [WARNING] Button 'btnInstallAllUpdates' nicht in GUI gefunden
[2025-04-13 15:38:59] [SUCCESS] Update-Manager-Event-Handler erfolgreich registriert
[2025-04-13 15:56:35] [INFO] Update-Statistiken erfolgreich aktualisiert
[2025-04-13 15:56:37] [INFO] Systeminformationen erfolgreich aktualisiert
[2025-04-13 16:04:05] [INFO] Update-Statistiken erfolgreich aktualisiert
[2025-04-13 16:04:07] [INFO] Systeminformationen erfolgreich aktualisiert
[2025-04-13 16:12:10] [INFO] Update-Statistiken erfolgreich aktualisiert
[2025-04-13 16:12:13] [INFO] Systeminformationen erfolgreich aktualisiert
