2025-04-06 16:47:28 - Programmstart: easyPASSWORDRESET
2025-04-06 16:47:28 - Initialisiere GUI von externer XAML-Datei.
2025-04-06 16:47:28 - Lade OUs aus Active Directory.
2025-04-06 16:47:29 - Domne erkannt: DC=phinit,DC=de
2025-04-06 16:47:29 - OUs erfolgreich geladen.
2025-04-06 16:47:29 - Gruppen erfolgreich geladen.
2025-04-06 16:47:29 - Lese Passwort-Richtlinien aus.
2025-04-06 16:47:29 - Passwort-Richtlinien wurden erfolgreich geladen.
2025-04-06 16:47:29 - Registriere Event-Handler fr UI-Elemente.
2025-04-06 16:47:29 - Event-Handler erfolgreich registriert.
2025-04-06 16:48:20 - [16:48:20] [Info] Bitte whlen Sie eine OU aus.
2025-04-06 16:48:22 - [16:48:22] [Info] Bitte whlen Sie eine Gruppe aus.
2025-04-06 16:48:23 - [16:48:23] [Info] Passwort-Richtlinien werden angezeigt.
2025-04-06 16:48:27 - [16:48:27] [Info] Modus: Einzelner Benutzer
2025-04-06 16:48:30 - [16:48:30] [Info] Bitte whlen Sie eine OU aus.
2025-04-06 16:48:31 - [16:48:31] [Info] Bitte whlen Sie eine Gruppe aus.
2025-04-06 16:48:32 - [16:48:32] [Info] Passwort-Richtlinien werden angezeigt.
2025-04-06 16:48:35 - [16:48:35] [Info] Bitte whlen Sie eine Gruppe aus.
2025-04-06 17:23:24 - Programmstart: easyPASSWORDRESET
2025-04-06 17:23:24 - Initialisiere GUI von externer XAML-Datei.
2025-04-06 17:23:24 - Lade OUs aus Active Directory.
2025-04-06 17:23:25 - Domne erkannt: DC=phinit,DC=de
2025-04-06 17:23:25 - OUs erfolgreich geladen.
2025-04-06 17:23:25 - Gruppen erfolgreich geladen.
2025-04-06 17:23:25 - Lese Passwort-Richtlinien aus.
2025-04-06 17:23:25 - Passwort-Richtlinien wurden erfolgreich geladen.
2025-04-06 17:23:25 - Registriere Event-Handler fr UI-Elemente.
2025-04-06 17:23:25 - Event-Handler erfolgreich registriert.
2025-04-06 17:23:54 - [17:23:54] [Info] Modus: OU/Gruppe Auswhlen
2025-04-06 17:24:07 - [17:24:07] [Info] Modus: Passwort-Richtlinien
2025-04-06 17:24:12 - [17:24:12] [Info] Modus: FGPP-Verwaltung
2025-04-06 17:24:26 - [17:24:26] [Info] Modus: Passwort-Richtlinien
2025-04-06 17:24:27 - [17:24:27] [Info] Modus: FGPP-Verwaltung
2025-04-06 17:24:28 - [17:24:28] [Info] Modus: Passwort-Richtlinien
2025-04-06 17:24:28 - [17:24:28] [Info] Modus: OU/Gruppe Auswhlen
2025-04-06 17:24:31 - [17:24:31] [Info] Modus: OU/Gruppe Auswhlen
2025-04-06 17:24:31 - [17:24:31] [Info] Modus: Einzelne User
2025-04-06 17:24:39 - [17:24:39] [Info] Modus: Passwort-Richtlinien
2025-04-06 17:24:40 - [17:24:40] [Info] Modus: OU/Gruppe Auswhlen
2025-04-06 17:24:41 - [17:24:41] [Info] Modus: Einzelne User
2025-04-06 17:26:53 - [17:26:53] [Info] Modus: OU/Gruppe Auswhlen
2025-04-06 17:27:43 - [17:27:43] [Info] Modus: Passwort-Richtlinien
2025-04-06 17:28:46 - [17:28:46] [Info] Modus: FGPP-Verwaltung
2025-04-06 17:29:14 - [17:29:14] [Info] Modus: Einzelne User
2025-04-07 09:57:32 - [Info] Programmstart: easyPASSWORDRESET
2025-04-07 09:57:32 - [Info] Starte GUI-Initialisierung
2025-04-07 09:57:32 - [Error] Kritischer Fehler beim Initialisieren der GUI: Das Argument kann nicht an den Parameter "Path" gebunden werden, da es NULL ist.
2025-04-07 10:01:27 - [Info] Programmstart: easyPASSWORDRESET
2025-04-07 10:01:27 - [Info] Starte GUI-Initialisierung
2025-04-07 10:01:27 - [Error] Kritischer Fehler beim Initialisieren der GUI: Das Argument kann nicht an den Parameter "Path" gebunden werden, da es NULL ist.
2025-04-07 10:06:17 - [Info] Programmstart: easyPASSWORDRESET
2025-04-07 10:06:17 - [Info] Starte GUI-Initialisierung
2025-04-07 10:06:17 - [Error] Kritischer Fehler beim Initialisieren der GUI: Das Argument kann nicht an den Parameter "Path" gebunden werden, da es NULL ist.
2025-04-07 10:13:09 - [Info] Programmstart: easyPASSWORDRESET
2025-04-07 10:13:09 - [Info] Starte GUI-Initialisierung
2025-04-07 10:13:09 - [Error] Kritischer Fehler beim Initialisieren der GUI: Das Argument kann nicht an den Parameter "Path" gebunden werden, da es NULL ist.
2025-04-07 10:18:13 - [Info] Programmstart: easyPASSWORDRESET
2025-04-07 10:18:13 - [Info] Starte GUI-Initialisierung
2025-04-07 10:18:13 - [Error] Kritischer Fehler beim Initialisieren der GUI: Das Argument kann nicht an den Parameter "Path" gebunden werden, da es NULL ist.
2025-04-07 10:47:09 - [Info] Programmstart: easyPASSWORDRESET
2025-04-07 10:47:09 - [Info] Starte GUI-Initialisierung
2025-04-07 10:47:09 - [Error] Kritischer Fehler beim Initialisieren der GUI: Cannot bind argument to parameter 'Path' because it is null.
2025-04-07 10:47:39 - [Info] Programmstart: easyPASSWORDRESET
2025-04-07 10:47:39 - [Info] Starte GUI-Initialisierung
2025-04-07 10:47:39 - [Error] Kritischer Fehler beim Initialisieren der GUI: Das Argument kann nicht an den Parameter "Path" gebunden werden, da es NULL ist.
2025-04-07 11:08:05 - [Info] Programmstart: easyPASSWORDRESET
2025-04-07 11:08:05 - [Info] Starte GUI-Initialisierung
2025-04-07 11:08:05 - [Error] Kritischer Fehler beim Initialisieren der GUI: Das Argument kann nicht an den Parameter "Path" gebunden werden, da es NULL ist.
2025-04-07 11:08:37 - [Info] Programmstart: easyPASSWORDRESET
2025-04-07 11:08:37 - [Info] Starte GUI-Initialisierung
2025-04-07 11:08:37 - [Error] Kritischer Fehler beim Initialisieren der GUI: Cannot bind argument to parameter 'Path' because it is null.
2025-04-07 11:15:59 - [Info] Programmstart: easyPASSWORDRESET
2025-04-07 11:15:59 - [Info] Starte GUI-Initialisierung
2025-04-07 11:15:59 - [Error] Kritischer Fehler beim Initialisieren der GUI: Das Argument kann nicht an den Parameter "Path" gebunden werden, da es NULL ist.
2025-04-07 11:16:12 - [Info] Programmstart: easyPASSWORDRESET
2025-04-07 11:16:12 - [Info] Starte GUI-Initialisierung
2025-04-07 11:16:12 - [Error] Kritischer Fehler beim Initialisieren der GUI: Cannot bind argument to parameter 'Path' because it is null.
2025-04-07 11:19:52 - [Info] Programmstart: easyPASSWORDRESET
2025-04-07 11:19:52 - [Info] Starte GUI-Initialisierung
2025-04-07 11:19:52 - [Error] Kritischer Fehler beim Initialisieren der GUI: Cannot bind argument to parameter 'Path' because it is null.
2025-04-07 11:24:46 - [Info] Programmstart: easyPASSWORDRESET
2025-04-07 11:24:46 - [Info] Starte GUI-Initialisierung
2025-04-07 11:24:46 - [Error] Kritischer Fehler beim Initialisieren der GUI: Cannot bind argument to parameter 'Path' because it is null.
2025-04-07 11:26:02 - [Info] Programmstart: easyPASSWORDRESET
2025-04-07 11:26:02 - [Info] Starte GUI-Initialisierung
2025-04-07 11:26:02 - [Error] Kritischer Fehler beim Initialisieren der GUI: Cannot bind argument to parameter 'Path' because it is null.
2025-04-07 11:29:27 - [Info] Programmstart: easyPASSWORDRESET
2025-04-07 11:29:27 - [Info] Starte GUI-Initialisierung
2025-04-07 11:29:27 - [Error] Kritischer Fehler beim Initialisieren der GUI: Cannot bind argument to parameter 'Path' because it is null.
[2025-04-07 11:39:44.737] [DEBUG] [DEBUG] [easyADPW_V0.0.1.ps1:415] [Info] DEBUG TEST 1 nach Config-Setup
[2025-04-07 11:39:44.778] [DEBUG] [DEBUG] [easyADPW_V0.0.1.ps1:416] [Error] DEBUG TEST 2 mit Error Level
[2025-04-07 11:39:44.916] [DEBUG] [DEBUG] [easyADPW_V0.0.1.ps1:417] [Debug] DEBUG TEST 3 mit Debug Level
[2025-04-07 11:39:44.924] [DEBUG] [DEBUG] [easyADPW_V0.0.1.ps1:418] [Info] DEBUG TEST 4 mit ToFile Flag
2025-04-07 11:39:45 - [Info] Programmstart: easyPASSWORDRESET
2025-04-07 11:39:45 - [Info] Starte GUI-Initialisierung
2025-04-07 11:39:45 - [Error] Kritischer Fehler beim Initialisieren der GUI: Cannot bind argument to parameter 'Path' because it is null.
[2025-04-07 11:49:12.562] [DEBUG] [DEBUG] [easyADPW_V0.0.1.ps1:415] [Info] DEBUG TEST 1 nach Config-Setup
[2025-04-07 11:49:12.588] [DEBUG] [DEBUG] [easyADPW_V0.0.1.ps1:416] [Error] DEBUG TEST 2 mit Error Level
[2025-04-07 11:49:12.659] [DEBUG] [DEBUG] [easyADPW_V0.0.1.ps1:417] [Debug] DEBUG TEST 3 mit Debug Level
[2025-04-07 11:49:12.664] [DEBUG] [DEBUG] [easyADPW_V0.0.1.ps1:418] [Info] DEBUG TEST 4 mit ToFile Flag
2025-04-07 11:49:15 - [Info] Programmstart: easyPASSWORDRESET
2025-04-07 11:49:15 - [Info] Starte GUI-Initialisierung
2025-04-07 11:49:15 - [Error] Kritischer Fehler beim Initialisieren der GUI: Cannot bind argument to parameter 'Path' because it is null.
[2025-04-07 11:50:30.427] [DEBUG] [DEBUG] [easyADPW_V0.0.1.ps1:415] [Info] DEBUG TEST 1 nach Config-Setup
[2025-04-07 11:50:30.664] [DEBUG] [DEBUG] [easyADPW_V0.0.1.ps1:416] [Error] DEBUG TEST 2 mit Error Level
[2025-04-07 11:50:30.953] [DEBUG] [DEBUG] [easyADPW_V0.0.1.ps1:417] [Debug] DEBUG TEST 3 mit Debug Level
[2025-04-07 11:50:31.000] [DEBUG] [DEBUG] [easyADPW_V0.0.1.ps1:418] [Info] DEBUG TEST 4 mit ToFile Flag
2025-04-07 11:50:32 - [Info] Programmstart: easyPASSWORDRESET
2025-04-07 11:50:32 - [Info] Starte GUI-Initialisierung
2025-04-07 11:50:32 - [Error] Kritischer Fehler beim Initialisieren der GUI: Das Argument kann nicht an den Parameter "Path" gebunden werden, da es NULL ist.
[2025-04-07 11:56:10.556] [DEBUG] [DEBUG] [easyADPW_V0.0.1.ps1:415] [Info] DEBUG TEST 1 nach Config-Setup
[2025-04-07 11:56:10.634] [DEBUG] [DEBUG] [easyADPW_V0.0.1.ps1:416] [Error] DEBUG TEST 2 mit Error Level
[2025-04-07 11:56:10.809] [DEBUG] [DEBUG] [easyADPW_V0.0.1.ps1:417] [Debug] DEBUG TEST 3 mit Debug Level
[2025-04-07 11:56:10.859] [DEBUG] [DEBUG] [easyADPW_V0.0.1.ps1:418] [Info] DEBUG TEST 4 mit ToFile Flag
2025-04-07 11:56:12 - [Info] Programmstart: easyPASSWORDRESET
2025-04-07 11:56:12 - [Info] Starte GUI-Initialisierung
2025-04-07 11:56:12 - [Error] Kritischer Fehler beim Initialisieren der GUI: Das Argument kann nicht an den Parameter "Path" gebunden werden, da es NULL ist.
[2025-04-07 12:03:49.355] [DEBUG] [DEBUG] [easyADPW_V0.0.1.ps1:415] [Info] DEBUG TEST 1 nach Config-Setup
[2025-04-07 12:03:49.383] [DEBUG] [DEBUG] [easyADPW_V0.0.1.ps1:416] [Error] DEBUG TEST 2 mit Error Level
[2025-04-07 12:03:49.508] [DEBUG] [DEBUG] [easyADPW_V0.0.1.ps1:417] [Debug] DEBUG TEST 3 mit Debug Level
[2025-04-07 12:03:49.516] [DEBUG] [DEBUG] [easyADPW_V0.0.1.ps1:418] [Info] DEBUG TEST 4 mit ToFile Flag
2025-04-07 12:03:52 - [Info] Programmstart: easyPASSWORDRESET
2025-04-07 12:03:52 - [Info] Starte GUI-Initialisierung
2025-04-07 12:03:52 - [Error] Kritischer Fehler beim Initialisieren der GUI: Cannot bind argument to parameter 'Path' because it is null.
2025-04-07 12:04:04 - [Info] Programmstart: easyPASSWORDRESET
2025-04-07 12:04:05 - [Info] Registriere Event-Handler fr UI-Elemente.
2025-04-07 12:04:05 - [Info] Event-Handler erfolgreich registriert.
2025-04-07 12:04:05 - [Error] TabControl konnte nicht gefunden werden.
2025-04-07 12:04:09 - [Info] Anwendung wird beendet: Anwendung normal beendet
[2025-04-07 13:41:17.479] [DEBUG] [DEBUG] [easyADPW_V0.0.1.ps1:415] [Info] DEBUG TEST 1 nach Config-Setup
[2025-04-07 13:41:17.506] [DEBUG] [DEBUG] [easyADPW_V0.0.1.ps1:416] [Error] DEBUG TEST 2 mit Error Level
[2025-04-07 13:41:17.620] [DEBUG] [DEBUG] [easyADPW_V0.0.1.ps1:417] [Debug] DEBUG TEST 3 mit Debug Level
[2025-04-07 13:41:17.625] [DEBUG] [DEBUG] [easyADPW_V0.0.1.ps1:418] [Info] DEBUG TEST 4 mit ToFile Flag
2025-04-07 13:41:20 - [Info] Programmstart: easyPASSWORDRESET
2025-04-07 13:41:20 - [Info] Starte GUI-Initialisierung
2025-04-07 13:41:20 - [Error] Fehler bei der Tab-Initialisierung: Cannot bind argument to parameter 'Path' because it is null.
2025-04-07 13:41:21 - [Info] Programmstart: easyPASSWORDRESET
2025-04-07 13:41:22 - [Info] Registriere Event-Handler fr UI-Elemente.
2025-04-07 13:41:22 - [Info] Event-Handler erfolgreich registriert.
2025-04-07 13:41:22 - [Error] TabControl konnte nicht gefunden werden.
2025-04-07 13:41:37 - [Info] Anwendung wird beendet: Anwendung normal beendet
[2025-04-07 14:05:23.223] [DEBUG] [DEBUG] [easyADPW_V0.0.1.ps1:415] [Info] DEBUG TEST 1 nach Config-Setup
[2025-04-07 14:05:23.250] [DEBUG] [DEBUG] [easyADPW_V0.0.1.ps1:416] [Error] DEBUG TEST 2 mit Error Level
[2025-04-07 14:05:23.376] [DEBUG] [DEBUG] [easyADPW_V0.0.1.ps1:417] [Debug] DEBUG TEST 3 mit Debug Level
[2025-04-07 14:05:23.386] [DEBUG] [DEBUG] [easyADPW_V0.0.1.ps1:418] [Info] DEBUG TEST 4 mit ToFile Flag
2025-04-07 14:05:25 - [Info] Programmstart: easyPASSWORDRESET
2025-04-07 14:05:25 - [Info] Starte GUI-Initialisierung
2025-04-07 14:05:29 - [Info] Kritischer Fehler beim Starten der Anwendung: Kritischer Fehler beim Initialisieren der GUI: Cannot bind argument to parameter 'Path' because it is null.
2025-04-07 14:05:31 - [Info] Programmstart: easyPASSWORDRESET
2025-04-07 14:05:32 - [Info] Registriere Event-Handler fr UI-Elemente.
2025-04-07 14:05:32 - [Info] Event-Handler erfolgreich registriert.
2025-04-07 14:05:32 - [Error] TabControl konnte nicht gefunden werden.
2025-04-07 14:05:38 - [Info] Anwendung wird beendet: Anwendung normal beendet
[2025-04-07 14:18:20.762] [DEBUG] [DEBUG] [easyADPW_V0.0.1.ps1:415] [Info] DEBUG TEST 1 nach Config-Setup
[2025-04-07 14:18:20.803] [DEBUG] [DEBUG] [easyADPW_V0.0.1.ps1:416] [Error] DEBUG TEST 2 mit Error Level
[2025-04-07 14:18:20.933] [DEBUG] [DEBUG] [easyADPW_V0.0.1.ps1:417] [Debug] DEBUG TEST 3 mit Debug Level
[2025-04-07 14:18:20.942] [DEBUG] [DEBUG] [easyADPW_V0.0.1.ps1:418] [Info] DEBUG TEST 4 mit ToFile Flag
2025-04-07 14:18:23 - [Info] Programmstart: easyPASSWORDRESET
2025-04-07 14:18:23 - [Info] Starte GUI-Initialisierung
2025-04-07 14:18:27 - [Info] Kritischer Fehler beim Starten der Anwendung: Kritischer Fehler beim Initialisieren der GUI: Cannot bind argument to parameter 'Path' because it is null.
2025-04-07 14:18:31 - [Info] Programmstart: easyPASSWORDRESET
2025-04-07 14:18:31 - [Info] Registriere Event-Handler fr UI-Elemente.
2025-04-07 14:18:31 - [Info] Event-Handler erfolgreich registriert.
2025-04-07 14:18:31 - [Error] TabControl konnte nicht gefunden werden.
2025-04-07 14:18:34 - [Info] Anwendung wird beendet: Anwendung normal beendet
[2025-04-07 14:36:19.729] [DEBUG] [DEBUG] [easyADPW_V0.0.1.ps1:415] [Info] DEBUG TEST 1 nach Config-Setup
[2025-04-07 14:36:19.760] [DEBUG] [DEBUG] [easyADPW_V0.0.1.ps1:416] [Error] DEBUG TEST 2 mit Error Level
[2025-04-07 14:36:19.854] [DEBUG] [DEBUG] [easyADPW_V0.0.1.ps1:417] [Debug] DEBUG TEST 3 mit Debug Level
[2025-04-07 14:36:19.859] [DEBUG] [DEBUG] [easyADPW_V0.0.1.ps1:418] [Info] DEBUG TEST 4 mit ToFile Flag
2025-04-07 14:36:21 - [Info] Programmstart: easyPASSWORDRESET
2025-04-07 14:36:21 - [Info] Starte GUI-Initialisierung
2025-04-07 14:36:26 - [Info] Kritischer Fehler beim Starten der Anwendung: Kritischer Fehler beim Initialisieren der GUI: Cannot bind argument to parameter 'Path' because it is null.
2025-04-07 14:36:29 - [Info] Programmstart: easyPASSWORDRESET
2025-04-07 14:36:29 - [Info] Registriere Event-Handler fr UI-Elemente.
2025-04-07 14:36:29 - [Info] Event-Handler erfolgreich registriert.
2025-04-07 14:36:29 - [Error] TabControl konnte nicht gefunden werden.
[2025-04-10 19:31:31.198] [DEBUG] [DEBUG] [easyADPW_V0.0.1.ps1:415] [Info] DEBUG TEST 1 nach Config-Setup
[2025-04-10 19:31:31.247] [DEBUG] [DEBUG] [easyADPW_V0.0.1.ps1:416] [Error] DEBUG TEST 2 mit Error Level
[2025-04-10 19:31:31.348] [DEBUG] [DEBUG] [easyADPW_V0.0.1.ps1:417] [Debug] DEBUG TEST 3 mit Debug Level
[2025-04-10 19:31:31.353] [DEBUG] [DEBUG] [easyADPW_V0.0.1.ps1:418] [Info] DEBUG TEST 4 mit ToFile Flag
2025-04-10 19:31:35 - [Info] Programmstart: easyPASSWORDRESET
2025-04-10 19:31:35 - [Info] Starte GUI-Initialisierung
2025-04-10 19:31:44 - [Info] Kritischer Fehler beim Starten der Anwendung: Kritischer Fehler beim Initialisieren der GUI: Cannot bind argument to parameter 'Path' because it is null.
2025-04-10 19:31:46 - [Info] Programmstart: easyPASSWORDRESET
2025-04-10 19:31:47 - [Info] Registriere Event-Handler fr UI-Elemente.
2025-04-10 19:31:47 - [Info] Event-Handler erfolgreich registriert.
2025-04-10 19:31:47 - [Error] TabControl konnte nicht gefunden werden.
2025-04-10 19:31:50 - [Info] Anwendung wird beendet: Anwendung normal beendet
[2025-05-15 13:33:12.448] [DEBUG] [DEBUG] [easyADPW_V0.0.1.ps1:415] [Info] DEBUG TEST 1 nach Config-Setup
[2025-05-15 13:33:12.481] [DEBUG] [DEBUG] [easyADPW_V0.0.1.ps1:416] [Error] DEBUG TEST 2 mit Error Level
[2025-05-15 13:33:12.566] [DEBUG] [DEBUG] [easyADPW_V0.0.1.ps1:417] [Debug] DEBUG TEST 3 mit Debug Level
[2025-05-15 13:33:12.589] [DEBUG] [DEBUG] [easyADPW_V0.0.1.ps1:418] [Info] DEBUG TEST 4 mit ToFile Flag
2025-05-15 13:33:13 - [Info] Programmstart: easyPASSWORDRESET
2025-05-15 13:33:13 - [Info] Starte GUI-Initialisierung
2025-05-15 13:33:15 - [Info] Kritischer Fehler beim Starten der Anwendung: Kritischer Fehler beim Initialisieren der GUI: Cannot bind argument to parameter 'Path' because it is null.
2025-05-15 13:33:18 - [Info] Programmstart: easyPASSWORDRESET
2025-05-15 13:33:19 - [Info] Registriere Event-Handler fr UI-Elemente.
2025-05-15 13:33:19 - [Info] Event-Handler erfolgreich registriert.
2025-05-15 13:33:19 - [Error] TabControl konnte nicht gefunden werden.
2025-05-15 13:33:23 - [Info] Anwendung wird beendet: Anwendung normal beendet
