easyWSAudit Version 0.0.2 gestartet - 2025-04-11 14:34:35
[2025-04-11 14:34:35] [Information] easyWSAudit wird gestartet...
[2025-04-11 14:34:36] [Information] System erkannt: Microsoft Windows 11 Business - Windows Desktop
[2025-04-11 14:34:38] [Information] Audit-Optionen wurden geladen und Verfügbarkeit geprüft
[2025-04-11 14:34:38] [Information] Migrations-Optionen wurden geladen und Verfügbarkeit geprüft
[2025-04-11 14:34:38] [Information] GUI erfolgreich geladen
[2025-04-11 14:35:02] [Information] Starte Audit für lokalen Server: MP-BOOK360
[2025-04-11 14:35:02] [Information] Audit für Server MP-BOOK360 abgeschlossen.
[2025-04-11 14:35:06] [Information] Starte Migrations-Analyse für Server: MP-BOOK360
[2025-04-11 14:35:06] [Information] Anzahl ausgewählter Aufgaben: 11
[2025-04-11 14:35:06] [Debug] Ausgewählte Aufgabe: Betriebssystemversion und Systeminformationen (Aktiviert: True, Befehl: Get-CimInstance -ClassName Win32_OperatingSystem)
[2025-04-11 14:35:06] [Debug] Ausgewählte Aufgabe: Prozessor-Informationen (Aktiviert: True, Befehl: Get-CimInstance -ClassName Win32_Processor)
[2025-04-11 14:35:06] [Debug] Ausgewählte Aufgabe: Speicher-Informationen (Aktiviert: True, Befehl: Get-CimInstance -ClassName Win32_PhysicalMemory)
[2025-04-11 14:35:06] [Debug] Ausgewählte Aufgabe: Festplatten-Informationen (Aktiviert: True, Befehl: Get-WmiObject -Class Win32_LogicalDisk)
[2025-04-11 14:35:06] [Debug] Ausgewählte Aufgabe: .NET Framework Versionen (Aktiviert: True, Befehl: Get-ChildItem 'HKLM:\SOFTWARE\Microsoft\NET Framework Setup\NDP' -Recurse | Get-ItemProperty -Name Version -ErrorAction SilentlyContinue | Where-Object { $_.Version -ne $null })
[2025-04-11 14:35:06] [Debug] Ausgewählte Aufgabe: Installierte Updates (Aktiviert: True, Befehl: Get-HotFix)
[2025-04-11 14:35:06] [Debug] Ausgewählte Aufgabe: CPU-Auslastung (Aktiviert: True, Befehl: Get-Counter -Counter '\Processor(_Total)\% Processor Time' -MaxSamples 1)
[2025-04-11 14:35:06] [Debug] Ausgewählte Aufgabe: Netzwerkkonfiguration (Aktiviert: True, Befehl: Get-NetIPConfiguration)
[2025-04-11 14:35:06] [Debug] Ausgewählte Aufgabe: Aktive Dienste (Aktiviert: True, Befehl: Get-Service | Where-Object {$_.Status -eq 'Running'})
[2025-04-11 14:35:06] [Debug] Ausgewählte Aufgabe: Installierte Programme (Aktiviert: True, Befehl: Get-WmiObject -Class Win32_Product)
[2025-04-11 14:35:06] [Debug] Ausgewählte Aufgabe: BIOS-Informationen (Aktiviert: True, Befehl: Get-CimInstance -ClassName Win32_BIOS)
[2025-04-11 14:35:06] [Information] Admin-Status für die Ausführung: True
[2025-04-11 14:35:06] [Information] Analyse abgeschlossen, Ergebnisanzahl: 0
[2025-04-11 14:35:06] [Warning] Keine Migrations-Analyseergebnisse wurden gesammelt. Bitte überprüfen Sie die Berechtigungen.
[2025-04-11 14:35:06] [Information] Migrations-Analyse für Server MP-BOOK360 abgeschlossen.
[2025-04-11 14:35:10] [Information] Anwendung beendet.
