easyWSAudit Version 0.0.2 gestartet - 2025-04-11 14:44:31
[2025-04-11 14:44:31] [Information] easyWSAudit wird gestartet...
[2025-04-11 14:44:32] [Information] System erkannt: Microsoft Windows 11 Business - Windows Desktop
[2025-04-11 14:44:34] [Information] Audit-Optionen wurden geladen und Verfügbarkeit geprüft
[2025-04-11 14:44:34] [Information] Migrations-Optionen wurden geladen und Verfügbarkeit geprüft
[2025-04-11 14:44:34] [Information] GUI erfolgreich geladen
[2025-04-11 14:44:37] [Information] Starte Audit für lokalen Server: MP-BOOK360
[2025-04-11 14:44:37] [Information] Audit für Server MP-BOOK360 abgeschlossen.
[2025-04-11 14:44:41] [Information] Starte Migrations-Analyse für Server: MP-BOOK360
[2025-04-11 14:44:41] [Information] Überprüfe PowerShell-Umgebung...
[2025-04-11 14:44:41] [Information] PowerShell-Version: 7.5
[2025-04-11 14:44:42] [Information] Aktuelle Ausführungsrichtlinie: Unrestricted
[2025-04-11 14:44:42] [Information] 64-bit Prozess: True
[2025-04-11 14:44:42] [Information] Aktueller Benutzer: AzureAD\PhinITAndreasHepp, Admin: True
[2025-04-11 14:44:47] [Information] PowerShell Remoting: True
[2025-04-11 14:44:47] [Information] Test-Skript ausgeführt: PowerShell-Skriptblock erfolgreich ausgeführt
[2025-04-11 14:44:47] [Information] Anzahl ausgewählter Aufgaben: 11
[2025-04-11 14:44:47] [Debug] ==== Alle verfügbaren Aufgaben ====
[2025-04-11 14:44:47] [Debug] Aufgabe: Betriebssystemversion und Systeminformationen, Ausgewählt: True, Aktiviert: True
[2025-04-11 14:44:47] [Debug] Aufgabe: Prozessor-Informationen, Ausgewählt: True, Aktiviert: True
[2025-04-11 14:44:47] [Debug] Aufgabe: Speicher-Informationen, Ausgewählt: True, Aktiviert: True
[2025-04-11 14:44:47] [Debug] Aufgabe: Festplatten-Informationen, Ausgewählt: True, Aktiviert: True
[2025-04-11 14:44:47] [Debug] Aufgabe: Virtualisierungsfeatures, Ausgewählt: False, Aktiviert: False
[2025-04-11 14:44:47] [Debug] Aufgabe: .NET Framework Versionen, Ausgewählt: True, Aktiviert: True
[2025-04-11 14:44:47] [Debug] Aufgabe: Installierte Updates, Ausgewählt: True, Aktiviert: True
[2025-04-11 14:44:47] [Debug] Aufgabe: CPU-Auslastung, Ausgewählt: True, Aktiviert: True
[2025-04-11 14:44:47] [Debug] Aufgabe: Netzwerkkonfiguration, Ausgewählt: True, Aktiviert: True
[2025-04-11 14:44:47] [Debug] Aufgabe: Aktive Dienste, Ausgewählt: True, Aktiviert: True
[2025-04-11 14:44:47] [Debug] Aufgabe: Installierte Programme, Ausgewählt: True, Aktiviert: True
[2025-04-11 14:44:47] [Debug] Aufgabe: BIOS-Informationen, Ausgewählt: True, Aktiviert: True
[2025-04-11 14:44:47] [Debug] Aufgabe: Windows-Features, Ausgewählt: False, Aktiviert: False
[2025-04-11 14:44:48] [Debug] ===============================
[2025-04-11 14:44:48] [Information] Admin-Status für die Ausführung: True
[2025-04-11 14:44:48] [Information] Sammle grundlegende Systeminformationen direkt ohne ScriptBlock...
[2025-04-11 14:44:48] [Information] Sammle Systeminformationen (OS) direkt...
[2025-04-11 14:44:48] [Information] Sammle Systeminformationen (CPU) direkt...
[2025-04-11 14:44:49] [Information] Sammle Systeminformationen (Memory) direkt...
[2025-04-11 14:44:49] [Information] Sammle Systeminformationen (Disk) direkt...
[2025-04-11 14:44:49] [Information] Sammle Systeminformationen (BIOS) direkt...
[2025-04-11 14:44:50] [Information] Sammle Systeminformationen (Services) direkt...
[2025-04-11 14:44:50] [Information] Sammle Systeminformationen (Network) direkt...
[2025-04-11 14:44:57] [Information] Analyse abgeschlossen, Ergebnisanzahl: 8
[2025-04-11 14:44:57] [Information] 

=== MIGRATIONS-EMPFEHLUNGEN ZUSAMMENFASSUNG ===
[2025-04-11 14:44:57] [Information] MIGRATIONS-EMPFEHLUNGEN ZUSAMMENFASSUNG
====================================

► HARDWARE: Die Server-Hardware scheint den grundlegenden Anforderungen zu entsprechen.

ALLGEMEINE HANDLUNGSEMPFEHLUNG:
Der Server erfüllt grundlegende Anforderungen. Regelmäßige Updates und Überwachung werden empfohlen, um die Systemleistung zu erhalten.
[2025-04-11 14:44:57] [Information] Migrations-Analyse für Server MP-BOOK360 abgeschlossen.
